This is pdfTeX, Version 3.14159265-2.6-1.40.18 (TeX Live 2017/Debian) (preloaded format=pdflatex 2019.1.13)  19 NOV 2019 13:24
entering extended mode
 restricted \write18 enabled.
 %&-line parsing enabled.
**report.tex
(./report.tex
LaTeX2e <2017-04-15>
Babel <3.18> and hyphenation patterns for 4 language(s) loaded.
(/usr/share/texlive/texmf-dist/tex/latex/revtex/revtex4-1.cls
Document Class: revtex4-1 2010/07/25/20:33:00 4.1r (http://publish.aps.org/revt
ex4/ for documentation)
 Copyright (c) 2009 The American Physical Society.
 mailto:revtex@aps.org
 Licensed under the LPPL:
http://www.ctan.org/tex-archive/macros/latex/base/lppl.txt
 Arthur Ogawa <arthur_ogawa at sbcglobal dot net>
 Based on work by David Carlisle <david at dcarlisle.demon.co.uk>.
ltxutil[2010/07/25/20:33:00 4.1r utilities package (portions licensed from W. E
. Baxter web at superscript.com)]
LaTeX Info: Redefining \@centercr on input line 308.
Class revtex4-1 Info: Repairing broken LaTeX eqnarray on input line 358.
\eqncolsep=\skip41
Class revtex4-1 Info: Repairing hyperref-unfriendly LaTeX definition of \mpfoot
note on input line 433.
Class revtex4-1 Info: Repairing broken LateX \@sect on input line 755.
\intertabularlinepenalty=\count79
\@tbpen=\count80
\@arstrutbox@hline=\box26
Class revtex4-1 Info: Repairing broken LaTeX \@xbitor on input line 1786.
Class revtex4-1 Info: Making \typeout \long on input line 2046.
ltxfront[2010/07/25/20:33:00 4.1r frontmatter package (AO,DPC)]
\c@affil=\count81
\c@collab=\count82
\absbox=\box27
ltxgrid[2010/07/25/20:33:00 4.1r page grid package (portions licensed from W. E
. Baxter web at superscript.com)]
\c@linecount=\count83
\output@latex=\toks14
\box@size@1=\box28
\box@size@2=\box29
\@protection@box=\box30
\@topmark@saved=\toks15
\footins@saved=\box31
\footins@recovered=\box32
\column@recovered=\box33
\pagesofar=\box34
\footsofar=\box35
\pagegrid@col=\count84
Class revtex4-1 Info: Overriding \@vspace, \@vspacer, \@no@pgbk, \@newline, and
 \\  on input line 5578.
\c@part=\count85
\c@section=\count86
\c@subsection=\count87
\c@subsubsection=\count88
\c@paragraph=\count89
\c@subparagraph=\count90
\abovecaptionskip=\skip42
\belowcaptionskip=\skip43
\c@figure=\count91
\fbox@1=\box36
\c@table=\count92
\fbox@2=\box37
\c@video=\count93
\fbox@4=\box38
\@bibdataout=\write3
\widetext@top=\box39
\widetext@bot=\box40

Class revtex4-1 Warning: No Society specified, using default society aps.

(/usr/share/texlive/texmf-dist/tex/latex/revtex/aps4-1.rtx
File: aps4-1 2010/07/25/20:33:00 4.1r (http://publish.aps.org/revtex4/ for docu
mentation)
Class revtex4-1 Info: RevTeX society APS selected on input line 31.
)
Class revtex4-1 Info: Selecting journal pra on input line 7544.
Class revtex4-1 Info: APS journal PRA selected on input line 7545.


Class revtex4-1 Warning: No type size specified, using default 10.

(/usr/share/texlive/texmf-dist/tex/latex/revtex/aps10pt4-1.rtx
File: aps10pt4-1 2010/07/25/20:33:00 4.1r (http://publish.aps.org/revtex4/ for 
documentation)
Class revtex4-1 Info: RevTeX pointsize 10pt selected on input line 30.
)
(/usr/share/texlive/texmf-dist/tex/latex/textcase/textcase.sty
Package: textcase 2004/10/07 v0.07 Text only upper/lower case changing (DPC)
)
(/usr/share/texlive/texmf-dist/tex/latex/url/url.sty
\Urlmuskip=\muskip10
Package: url 2013/09/16  ver 3.4  Verb mode for urls, etc.
)
(/usr/share/texlive/texmf-dist/tex/latex/natbib/natbib.sty
Package: natbib 2010/09/13 8.31b (PWD, AO)
\bibhang=\skip44
\bibsep=\skip45
LaTeX Info: Redefining \cite on input line 694.
\c@NAT@ctr=\count94
)
Class revtex4-1 Info: Repairing natbib's \BibitemShut on input line 7549.

(/usr/share/texlive/texmf-dist/tex/latex/revtex/revsymb4-1.sty
Package: revsymb4-1 2010/07/25/20:33:00 4.1r (http://publish.aps.org/revtex4/ f
or documentation)
LaTeX Info: Redefining \REV@mathfrak on input line 119.
))
(/usr/share/texlive/texmf-dist/tex/latex/graphics/graphicx.sty
Package: graphicx 2017/06/01 v1.1a Enhanced LaTeX Graphics (DPC,SPQR)

(/usr/share/texlive/texmf-dist/tex/latex/graphics/keyval.sty
Package: keyval 2014/10/28 v1.15 key=value parser (DPC)
\KV@toks@=\toks16
)
(/usr/share/texlive/texmf-dist/tex/latex/graphics/graphics.sty
Package: graphics 2017/06/25 v1.2c Standard LaTeX Graphics (DPC,SPQR)

(/usr/share/texlive/texmf-dist/tex/latex/graphics/trig.sty
Package: trig 2016/01/03 v1.10 sin cos tan (DPC)
)
(/usr/share/texlive/texmf-dist/tex/latex/graphics-cfg/graphics.cfg
File: graphics.cfg 2016/06/04 v1.11 sample graphics configuration
)
Package graphics Info: Driver file: pdftex.def on input line 99.

(/usr/share/texlive/texmf-dist/tex/latex/graphics-def/pdftex.def
File: pdftex.def 2018/01/08 v1.0l Graphics/color driver for pdftex
))
\Gin@req@height=\dimen102
\Gin@req@width=\dimen103
)
(/usr/share/texlive/texmf-dist/tex/latex/graphics/color.sty
Package: color 2016/07/10 v1.1e Standard LaTeX Color (DPC)

(/usr/share/texlive/texmf-dist/tex/latex/graphics-cfg/color.cfg
File: color.cfg 2016/01/02 v1.6 sample color configuration
)
Package color Info: Driver file: pdftex.def on input line 147.
)
Class revtex4-1 Info: Patching LaTeX tabular. on input line 4.
Class revtex4-1 Info: Robustifying \LaTeX's \boldmath command on input line 4.
Class revtex4-1 Info: cite was not loaded (OK!) on input line 4.
Class revtex4-1 Info: mcite was not loaded (OK!) on input line 4.
Class revtex4-1 Info: multicol was not loaded (OK!) on input line 4.
 (./report.aux)
\openout1 = `report.aux'.

LaTeX Font Info:    Checking defaults for OML/cmm/m/it on input line 4.
LaTeX Font Info:    ... okay on input line 4.
LaTeX Font Info:    Checking defaults for T1/cmr/m/n on input line 4.
LaTeX Font Info:    ... okay on input line 4.
LaTeX Font Info:    Checking defaults for OT1/cmr/m/n on input line 4.
LaTeX Font Info:    ... okay on input line 4.
LaTeX Font Info:    Checking defaults for OMS/cmsy/m/n on input line 4.
LaTeX Font Info:    ... okay on input line 4.
LaTeX Font Info:    Checking defaults for OMX/cmex/m/n on input line 4.
LaTeX Font Info:    ... okay on input line 4.
LaTeX Font Info:    Checking defaults for U/cmr/m/n on input line 4.
LaTeX Font Info:    ... okay on input line 4.
 (/usr/share/texlive/texmf-dist/tex/context/base/mkii/supp-pdf.mkii
[Loading MPS to PDF converter (version 2006.09.02).]
\scratchcounter=\count95
\scratchdimen=\dimen104
\scratchbox=\box41
\nofMPsegments=\count96
\nofMParguments=\count97
\everyMPshowfont=\toks17
\MPscratchCnt=\count98
\MPscratchDim=\dimen105
\MPnumerator=\count99
\makeMPintoPDFobject=\count100
\everyMPtoPDFconversion=\toks18
) (/usr/share/texlive/texmf-dist/tex/latex/oberdiek/epstopdf-base.sty
Package: epstopdf-base 2016/05/15 v2.6 Base part for package epstopdf

(/usr/share/texlive/texmf-dist/tex/generic/oberdiek/infwarerr.sty
Package: infwarerr 2016/05/16 v1.4 Providing info/warning/error messages (HO)
)
(/usr/share/texlive/texmf-dist/tex/latex/oberdiek/grfext.sty
Package: grfext 2016/05/16 v1.2 Manage graphics extensions (HO)

(/usr/share/texlive/texmf-dist/tex/generic/oberdiek/kvdefinekeys.sty
Package: kvdefinekeys 2016/05/16 v1.4 Define keys (HO)

(/usr/share/texlive/texmf-dist/tex/generic/oberdiek/ltxcmds.sty
Package: ltxcmds 2016/05/16 v1.23 LaTeX kernel commands for general use (HO)
)))
(/usr/share/texlive/texmf-dist/tex/latex/oberdiek/kvoptions.sty
Package: kvoptions 2016/05/16 v3.12 Key value format for package options (HO)

(/usr/share/texlive/texmf-dist/tex/generic/oberdiek/kvsetkeys.sty
Package: kvsetkeys 2016/05/16 v1.17 Key value parser (HO)

(/usr/share/texlive/texmf-dist/tex/generic/oberdiek/etexcmds.sty
Package: etexcmds 2016/05/16 v1.6 Avoid name clashes with e-TeX commands (HO)

(/usr/share/texlive/texmf-dist/tex/generic/oberdiek/ifluatex.sty
Package: ifluatex 2016/05/16 v1.4 Provides the ifluatex switch (HO)
Package ifluatex Info: LuaTeX not detected.
)
Package etexcmds Info: Could not find \expanded.
(etexcmds)             That can mean that you are not using pdfTeX 1.50 or
(etexcmds)             that some package has redefined \expanded.
(etexcmds)             In the latter case, load this package earlier.
)))
(/usr/share/texlive/texmf-dist/tex/generic/oberdiek/pdftexcmds.sty
Package: pdftexcmds 2018/01/21 v0.26 Utility functions of pdfTeX for LuaTeX (HO
)

(/usr/share/texlive/texmf-dist/tex/generic/oberdiek/ifpdf.sty
Package: ifpdf 2017/03/15 v3.2 Provides the ifpdf switch
)
Package pdftexcmds Info: LuaTeX not detected.
Package pdftexcmds Info: \pdf@primitive is available.
Package pdftexcmds Info: \pdf@ifprimitive is available.
Package pdftexcmds Info: \pdfdraftmode found.
)
Package epstopdf-base Info: Redefining graphics rule for `.eps' on input line 4
38.
Package grfext Info: Graphics extension search list:
(grfext)             [.pdf,.png,.jpg,.mps,.jpeg,.jbig2,.jb2,.PDF,.PNG,.JPG,.JPE
G,.JBIG2,.JB2,.eps]
(grfext)             \AppendGraphicsExtensions on input line 456.

(/usr/share/texlive/texmf-dist/tex/latex/latexconfig/epstopdf-sys.cfg
File: epstopdf-sys.cfg 2010/07/13 v1.3 Configuration of (r)epstopdf for TeX Liv
e
))
\openout3 = `reportNotes.bib'.

<../graphs-paper2/thresholds-dephasing-decoder.pdf, id=1, 433.62pt x 650.43pt>
File: ../graphs-paper2/thresholds-dephasing-decoder.pdf Graphic file (type pdf)

<use ../graphs-paper2/thresholds-dephasing-decoder.pdf>
Package pdftex.def Info: ../graphs-paper2/thresholds-dephasing-decoder.pdf  use
d on input line 9.
(pdftex.def)             Requested size: 408.00156pt x 612.02954pt.
<../graphs-paper2/thresholds-dephasing-cluster.pdf, id=2, 433.62pt x 650.43pt>
File: ../graphs-paper2/thresholds-dephasing-cluster.pdf Graphic file (type pdf)

<use ../graphs-paper2/thresholds-dephasing-cluster.pdf>
Package pdftex.def Info: ../graphs-paper2/thresholds-dephasing-cluster.pdf  use
d on input line 11.
(pdftex.def)             Requested size: 408.00156pt x 612.02954pt.

[1{/var/lib/texmf/fonts/map/pdftex/updmap/pdftex.map} <../graphs-paper2/thresho
lds-dephasing-decoder.pdf>] [2 <../graphs-paper2/thresholds-dephasing-cluster.p
df>]
LaTeX Font Info:    External font `cmex10' loaded for size
(Font)              <7> on input line 15.
LaTeX Font Info:    External font `cmex10' loaded for size
(Font)              <5> on input line 15.
 [3]
<../graphs-paper2/time-dephasing-0.pdf, id=121, 462.52798pt x 346.89601pt>
File: ../graphs-paper2/time-dephasing-0.pdf Graphic file (type pdf)
<use ../graphs-paper2/time-dephasing-0.pdf>
Package pdftex.def Info: ../graphs-paper2/time-dephasing-0.pdf  used on input l
ine 388.
(pdftex.def)             Requested size: 408.00156pt x 306.01576pt.
<../graphs-paper2/time-dephasing-1.pdf, id=122, 462.52798pt x 346.89601pt>
File: ../graphs-paper2/time-dephasing-1.pdf Graphic file (type pdf)
<use ../graphs-paper2/time-dephasing-1.pdf>
Package pdftex.def Info: ../graphs-paper2/time-dephasing-1.pdf  used on input l
ine 390.
(pdftex.def)             Requested size: 408.00156pt x 306.01576pt.
<../graphs-paper2/time-dephasing-2.pdf, id=123, 462.52798pt x 346.89601pt>
File: ../graphs-paper2/time-dephasing-2.pdf Graphic file (type pdf)
<use ../graphs-paper2/time-dephasing-2.pdf>
Package pdftex.def Info: ../graphs-paper2/time-dephasing-2.pdf  used on input l
ine 392.
(pdftex.def)             Requested size: 408.00156pt x 306.01576pt.
 [4 <../graphs-paper2/time-dephasing-0.pdf> <../graphs-paper2/time-dephasing-1.
pdf

pdfTeX warning: pdflatex (file ../graphs-paper2/time-dephasing-1.pdf): PDF incl
usion: multiple pdfs with page group included in a single page
>] [5 <../graphs-paper2/time-dephasing-2.pdf>]
<../graphs-paper2/bbr-dephasing-even.pdf, id=260, 462.52798pt x 346.89601pt>
File: ../graphs-paper2/bbr-dephasing-even.pdf Graphic file (type pdf)
<use ../graphs-paper2/bbr-dephasing-even.pdf>
Package pdftex.def Info: ../graphs-paper2/bbr-dephasing-even.pdf  used on input
 line 401.
(pdftex.def)             Requested size: 249.9028pt x 187.42691pt.
<../graphs-paper2/bbr-dephasing-odd.pdf, id=261, 462.52798pt x 346.89601pt>
File: ../graphs-paper2/bbr-dephasing-odd.pdf Graphic file (type pdf)
<use ../graphs-paper2/bbr-dephasing-odd.pdf>
Package pdftex.def Info: ../graphs-paper2/bbr-dephasing-odd.pdf  used on input 
line 402.
(pdftex.def)             Requested size: 249.9028pt x 187.42691pt.

Overfull \hbox (2.02782pt too wide) in paragraph at lines 401--403
[][] [] 
 []

<../graphs-paper2/bbr-dephasing-even-rescaled.pdf, id=262, 462.52798pt x 346.89
601pt>
File: ../graphs-paper2/bbr-dephasing-even-rescaled.pdf Graphic file (type pdf)
<use ../graphs-paper2/bbr-dephasing-even-rescaled.pdf>
Package pdftex.def Info: ../graphs-paper2/bbr-dephasing-even-rescaled.pdf  used
 on input line 406.
(pdftex.def)             Requested size: 249.9028pt x 187.42691pt.
<../graphs-paper2/bbr-dephasing-odd-rescaled.pdf, id=263, 462.52798pt x 346.896
01pt>
File: ../graphs-paper2/bbr-dephasing-odd-rescaled.pdf Graphic file (type pdf)
<use ../graphs-paper2/bbr-dephasing-odd-rescaled.pdf>
Package pdftex.def Info: ../graphs-paper2/bbr-dephasing-odd-rescaled.pdf  used 
on input line 407.
(pdftex.def)             Requested size: 249.9028pt x 187.42691pt.

Overfull \hbox (2.02782pt too wide) in paragraph at lines 406--408
[][] [] 
 []

[6 <../graphs-paper2/bbr-dephasing-even.pdf> <../graphs-paper2/bbr-dephasing-od
d.pdf

pdfTeX warning: pdflatex (file ../graphs-paper2/bbr-dephasing-odd.pdf): PDF inc
lusion: multiple pdfs with page group included in a single page
> <../graphs-paper2/bbr-dephasing-even-rescaled.pdf

pdfTeX warning: pdflatex (file ../graphs-paper2/bbr-dephasing-even-rescaled.pdf
): PDF inclusion: multiple pdfs with page group included in a single page
> <../graphs-paper2/bbr-dephasing-odd-rescaled.pdf

pdfTeX warning: pdflatex (file ../graphs-paper2/bbr-dephasing-odd-rescaled.pdf)
: PDF inclusion: multiple pdfs with page group included in a single page
>]
<../graphs-paper2/bbr-dephasing-rescaled.pdf, id=417, 462.52798pt x 346.89601pt
>
File: ../graphs-paper2/bbr-dephasing-rescaled.pdf Graphic file (type pdf)
<use ../graphs-paper2/bbr-dephasing-rescaled.pdf>
Package pdftex.def Info: ../graphs-paper2/bbr-dephasing-rescaled.pdf  used on i
nput line 415.
(pdftex.def)             Requested size: 458.99689pt x 344.26443pt.
 [7 <../graphs-paper2/bbr-dephasing-rescaled.pdf>]
<../graphs-paper2/cbs-dephasing-even.pdf, id=460, 462.52798pt x 346.89601pt>
File: ../graphs-paper2/cbs-dephasing-even.pdf Graphic file (type pdf)
<use ../graphs-paper2/cbs-dephasing-even.pdf>
Package pdftex.def Info: ../graphs-paper2/cbs-dephasing-even.pdf  used on input
 line 422.
(pdftex.def)             Requested size: 249.9028pt x 187.42691pt.
<../graphs-paper2/cbs-dephasing-odd.pdf, id=461, 462.52798pt x 346.89601pt>
File: ../graphs-paper2/cbs-dephasing-odd.pdf Graphic file (type pdf)
<use ../graphs-paper2/cbs-dephasing-odd.pdf>
Package pdftex.def Info: ../graphs-paper2/cbs-dephasing-odd.pdf  used on input 
line 423.
(pdftex.def)             Requested size: 249.9028pt x 187.42691pt.

Overfull \hbox (2.02782pt too wide) in paragraph at lines 422--424
[][] [] 
 []

<../graphs-paper2/cbs-dephasing-even-rescaled.pdf, id=462, 462.52798pt x 346.89
601pt>
File: ../graphs-paper2/cbs-dephasing-even-rescaled.pdf Graphic file (type pdf)
<use ../graphs-paper2/cbs-dephasing-even-rescaled.pdf>
Package pdftex.def Info: ../graphs-paper2/cbs-dephasing-even-rescaled.pdf  used
 on input line 427.
(pdftex.def)             Requested size: 249.9028pt x 187.42691pt.
<../graphs-paper2/cbs-dephasing-odd-rescaled.pdf, id=463, 462.52798pt x 346.896
01pt>
File: ../graphs-paper2/cbs-dephasing-odd-rescaled.pdf Graphic file (type pdf)
<use ../graphs-paper2/cbs-dephasing-odd-rescaled.pdf>
Package pdftex.def Info: ../graphs-paper2/cbs-dephasing-odd-rescaled.pdf  used 
on input line 428.
(pdftex.def)             Requested size: 249.9028pt x 187.42691pt.

Overfull \hbox (2.02782pt too wide) in paragraph at lines 427--429
[][] [] 
 []

[8 <../graphs-paper2/cbs-dephasing-even.pdf> <../graphs-paper2/cbs-dephasing-od
d.pdf

pdfTeX warning: pdflatex (file ../graphs-paper2/cbs-dephasing-odd.pdf): PDF inc
lusion: multiple pdfs with page group included in a single page
> <../graphs-paper2/cbs-dephasing-even-rescaled.pdf

pdfTeX warning: pdflatex (file ../graphs-paper2/cbs-dephasing-even-rescaled.pdf
): PDF inclusion: multiple pdfs with page group included in a single page
> <../graphs-paper2/cbs-dephasing-odd-rescaled.pdf

pdfTeX warning: pdflatex (file ../graphs-paper2/cbs-dephasing-odd-rescaled.pdf)
: PDF inclusion: multiple pdfs with page group included in a single page
>]
<../graphs-paper2/cbs-dephasing-rescaled.pdf, id=607, 462.52798pt x 346.89601pt
>
File: ../graphs-paper2/cbs-dephasing-rescaled.pdf Graphic file (type pdf)
<use ../graphs-paper2/cbs-dephasing-rescaled.pdf>
Package pdftex.def Info: ../graphs-paper2/cbs-dephasing-rescaled.pdf  used on i
nput line 436.
(pdftex.def)             Requested size: 458.99689pt x 344.26443pt.
 [9 <../graphs-paper2/cbs-dephasing-rescaled.pdf>]
<../graphs-paper2/cds-dephasing-even.pdf, id=649, 462.52798pt x 346.89601pt>
File: ../graphs-paper2/cds-dephasing-even.pdf Graphic file (type pdf)
<use ../graphs-paper2/cds-dephasing-even.pdf>
Package pdftex.def Info: ../graphs-paper2/cds-dephasing-even.pdf  used on input
 line 443.
(pdftex.def)             Requested size: 249.9028pt x 187.42691pt.
<../graphs-paper2/cds-dephasing-odd.pdf, id=650, 462.52798pt x 346.89601pt>
File: ../graphs-paper2/cds-dephasing-odd.pdf Graphic file (type pdf)
<use ../graphs-paper2/cds-dephasing-odd.pdf>
Package pdftex.def Info: ../graphs-paper2/cds-dephasing-odd.pdf  used on input 
line 444.
(pdftex.def)             Requested size: 249.9028pt x 187.42691pt.

Overfull \hbox (2.02782pt too wide) in paragraph at lines 443--445
[][] [] 
 []

<../graphs-paper2/cds-dephasing-even-rescaled.pdf, id=651, 462.52798pt x 346.89
601pt>
File: ../graphs-paper2/cds-dephasing-even-rescaled.pdf Graphic file (type pdf)
<use ../graphs-paper2/cds-dephasing-even-rescaled.pdf>
Package pdftex.def Info: ../graphs-paper2/cds-dephasing-even-rescaled.pdf  used
 on input line 448.
(pdftex.def)             Requested size: 249.9028pt x 187.42691pt.
<../graphs-paper2/cds-dephasing-odd-rescaled.pdf, id=652, 462.52798pt x 346.896
01pt>
File: ../graphs-paper2/cds-dephasing-odd-rescaled.pdf Graphic file (type pdf)
<use ../graphs-paper2/cds-dephasing-odd-rescaled.pdf>
Package pdftex.def Info: ../graphs-paper2/cds-dephasing-odd-rescaled.pdf  used 
on input line 449.
(pdftex.def)             Requested size: 249.9028pt x 187.42691pt.

Overfull \hbox (2.02782pt too wide) in paragraph at lines 448--450
[][] [] 
 []

[10 <../graphs-paper2/cds-dephasing-even.pdf> <../graphs-paper2/cds-dephasing-o
dd.pdf

pdfTeX warning: pdflatex (file ../graphs-paper2/cds-dephasing-odd.pdf): PDF inc
lusion: multiple pdfs with page group included in a single page
> <../graphs-paper2/cds-dephasing-even-rescaled.pdf

pdfTeX warning: pdflatex (file ../graphs-paper2/cds-dephasing-even-rescaled.pdf
): PDF inclusion: multiple pdfs with page group included in a single page
> <../graphs-paper2/cds-dephasing-odd-rescaled.pdf

pdfTeX warning: pdflatex (file ../graphs-paper2/cds-dephasing-odd-rescaled.pdf)
: PDF inclusion: multiple pdfs with page group included in a single page
>]
<../graphs-paper2/cds-dephasing-rescaled.pdf, id=799, 462.52798pt x 346.89601pt
>
File: ../graphs-paper2/cds-dephasing-rescaled.pdf Graphic file (type pdf)
<use ../graphs-paper2/cds-dephasing-rescaled.pdf>
Package pdftex.def Info: ../graphs-paper2/cds-dephasing-rescaled.pdf  used on i
nput line 457.
(pdftex.def)             Requested size: 458.99689pt x 344.26443pt.
 [11 <../graphs-paper2/cds-dephasing-rescaled.pdf>]
<../graphs-paper2/ete-dephasing-even.pdf, id=844, 462.52798pt x 346.89601pt>
File: ../graphs-paper2/ete-dephasing-even.pdf Graphic file (type pdf)
<use ../graphs-paper2/ete-dephasing-even.pdf>
Package pdftex.def Info: ../graphs-paper2/ete-dephasing-even.pdf  used on input
 line 464.
(pdftex.def)             Requested size: 249.9028pt x 187.42691pt.
<../graphs-paper2/ete-dephasing-odd.pdf, id=845, 462.52798pt x 346.89601pt>
File: ../graphs-paper2/ete-dephasing-odd.pdf Graphic file (type pdf)
<use ../graphs-paper2/ete-dephasing-odd.pdf>
Package pdftex.def Info: ../graphs-paper2/ete-dephasing-odd.pdf  used on input 
line 465.
(pdftex.def)             Requested size: 249.9028pt x 187.42691pt.

Overfull \hbox (2.02782pt too wide) in paragraph at lines 464--466
[][] [] 
 []

<../graphs-paper2/ete-dephasing-even-rescaled.pdf, id=846, 462.52798pt x 346.89
601pt>
File: ../graphs-paper2/ete-dephasing-even-rescaled.pdf Graphic file (type pdf)
<use ../graphs-paper2/ete-dephasing-even-rescaled.pdf>
Package pdftex.def Info: ../graphs-paper2/ete-dephasing-even-rescaled.pdf  used
 on input line 469.
(pdftex.def)             Requested size: 249.9028pt x 187.42691pt.
<../graphs-paper2/ete-dephasing-odd-rescaled.pdf, id=847, 462.52798pt x 346.896
01pt>
File: ../graphs-paper2/ete-dephasing-odd-rescaled.pdf Graphic file (type pdf)
<use ../graphs-paper2/ete-dephasing-odd-rescaled.pdf>
Package pdftex.def Info: ../graphs-paper2/ete-dephasing-odd-rescaled.pdf  used 
on input line 470.
(pdftex.def)             Requested size: 249.9028pt x 187.42691pt.

Overfull \hbox (2.02782pt too wide) in paragraph at lines 469--471
[][] [] 
 []

[12 <../graphs-paper2/ete-dephasing-even.pdf> <../graphs-paper2/ete-dephasing-o
dd.pdf

pdfTeX warning: pdflatex (file ../graphs-paper2/ete-dephasing-odd.pdf): PDF inc
lusion: multiple pdfs with page group included in a single page
> <../graphs-paper2/ete-dephasing-even-rescaled.pdf

pdfTeX warning: pdflatex (file ../graphs-paper2/ete-dephasing-even-rescaled.pdf
): PDF inclusion: multiple pdfs with page group included in a single page
> <../graphs-paper2/ete-dephasing-odd-rescaled.pdf

pdfTeX warning: pdflatex (file ../graphs-paper2/ete-dephasing-odd-rescaled.pdf)
: PDF inclusion: multiple pdfs with page group included in a single page
>]
<../graphs-paper2/ete-dephasing-rescaled.pdf, id=997, 462.52798pt x 346.89601pt
>
File: ../graphs-paper2/ete-dephasing-rescaled.pdf Graphic file (type pdf)
<use ../graphs-paper2/ete-dephasing-rescaled.pdf>
Package pdftex.def Info: ../graphs-paper2/ete-dephasing-rescaled.pdf  used on i
nput line 478.
(pdftex.def)             Requested size: 458.99689pt x 344.26443pt.
 [13 <../graphs-paper2/ete-dephasing-rescaled.pdf>]
<../graphs-paper2/fsf-dephasing-even.pdf, id=1043, 462.52798pt x 346.89601pt>
File: ../graphs-paper2/fsf-dephasing-even.pdf Graphic file (type pdf)
<use ../graphs-paper2/fsf-dephasing-even.pdf>
Package pdftex.def Info: ../graphs-paper2/fsf-dephasing-even.pdf  used on input
 line 485.
(pdftex.def)             Requested size: 249.9028pt x 187.42691pt.
<../graphs-paper2/fsf-dephasing-odd.pdf, id=1044, 462.52798pt x 346.89601pt>
File: ../graphs-paper2/fsf-dephasing-odd.pdf Graphic file (type pdf)
<use ../graphs-paper2/fsf-dephasing-odd.pdf>
Package pdftex.def Info: ../graphs-paper2/fsf-dephasing-odd.pdf  used on input 
line 486.
(pdftex.def)             Requested size: 249.9028pt x 187.42691pt.

Overfull \hbox (2.02782pt too wide) in paragraph at lines 485--487
[][] [] 
 []

<../graphs-paper2/fsf-dephasing-even-rescaled.pdf, id=1045, 462.52798pt x 346.8
9601pt>
File: ../graphs-paper2/fsf-dephasing-even-rescaled.pdf Graphic file (type pdf)
<use ../graphs-paper2/fsf-dephasing-even-rescaled.pdf>
Package pdftex.def Info: ../graphs-paper2/fsf-dephasing-even-rescaled.pdf  used
 on input line 490.
(pdftex.def)             Requested size: 249.9028pt x 187.42691pt.
<../graphs-paper2/fsf-dephasing-odd-rescaled.pdf, id=1046, 462.52798pt x 346.89
601pt>
File: ../graphs-paper2/fsf-dephasing-odd-rescaled.pdf Graphic file (type pdf)
<use ../graphs-paper2/fsf-dephasing-odd-rescaled.pdf>
Package pdftex.def Info: ../graphs-paper2/fsf-dephasing-odd-rescaled.pdf  used 
on input line 491.
(pdftex.def)             Requested size: 249.9028pt x 187.42691pt.

Overfull \hbox (2.02782pt too wide) in paragraph at lines 490--492
[][] [] 
 []

[14 <../graphs-paper2/fsf-dephasing-even.pdf> <../graphs-paper2/fsf-dephasing-o
dd.pdf

pdfTeX warning: pdflatex (file ../graphs-paper2/fsf-dephasing-odd.pdf): PDF inc
lusion: multiple pdfs with page group included in a single page
> <../graphs-paper2/fsf-dephasing-even-rescaled.pdf

pdfTeX warning: pdflatex (file ../graphs-paper2/fsf-dephasing-even-rescaled.pdf
): PDF inclusion: multiple pdfs with page group included in a single page
> <../graphs-paper2/fsf-dephasing-odd-rescaled.pdf

pdfTeX warning: pdflatex (file ../graphs-paper2/fsf-dephasing-odd-rescaled.pdf)
: PDF inclusion: multiple pdfs with page group included in a single page
>]
<../graphs-paper2/fsf-dephasing-rescaled.pdf, id=1195, 462.52798pt x 346.89601p
t>
File: ../graphs-paper2/fsf-dephasing-rescaled.pdf Graphic file (type pdf)
<use ../graphs-paper2/fsf-dephasing-rescaled.pdf>
Package pdftex.def Info: ../graphs-paper2/fsf-dephasing-rescaled.pdf  used on i
nput line 499.
(pdftex.def)             Requested size: 458.99689pt x 344.26443pt.
 [15 <../graphs-paper2/fsf-dephasing-rescaled.pdf>]
<../graphs-paper2/ftw-dephasing-even.pdf, id=1239, 462.52798pt x 346.89601pt>
File: ../graphs-paper2/ftw-dephasing-even.pdf Graphic file (type pdf)
<use ../graphs-paper2/ftw-dephasing-even.pdf>
Package pdftex.def Info: ../graphs-paper2/ftw-dephasing-even.pdf  used on input
 line 506.
(pdftex.def)             Requested size: 249.9028pt x 187.42691pt.
<../graphs-paper2/ftw-dephasing-odd.pdf, id=1240, 462.52798pt x 346.89601pt>
File: ../graphs-paper2/ftw-dephasing-odd.pdf Graphic file (type pdf)
<use ../graphs-paper2/ftw-dephasing-odd.pdf>
Package pdftex.def Info: ../graphs-paper2/ftw-dephasing-odd.pdf  used on input 
line 507.
(pdftex.def)             Requested size: 249.9028pt x 187.42691pt.

Overfull \hbox (2.02782pt too wide) in paragraph at lines 506--508
[][] [] 
 []

<../graphs-paper2/ftw-dephasing-even-rescaled.pdf, id=1241, 462.52798pt x 346.8
9601pt>
File: ../graphs-paper2/ftw-dephasing-even-rescaled.pdf Graphic file (type pdf)
<use ../graphs-paper2/ftw-dephasing-even-rescaled.pdf>
Package pdftex.def Info: ../graphs-paper2/ftw-dephasing-even-rescaled.pdf  used
 on input line 511.
(pdftex.def)             Requested size: 249.9028pt x 187.42691pt.
<../graphs-paper2/ftw-dephasing-odd-rescaled.pdf, id=1242, 462.52798pt x 346.89
601pt>
File: ../graphs-paper2/ftw-dephasing-odd-rescaled.pdf Graphic file (type pdf)
<use ../graphs-paper2/ftw-dephasing-odd-rescaled.pdf>
Package pdftex.def Info: ../graphs-paper2/ftw-dephasing-odd-rescaled.pdf  used 
on input line 512.
(pdftex.def)             Requested size: 249.9028pt x 187.42691pt.

Overfull \hbox (2.02782pt too wide) in paragraph at lines 511--513
[][] [] 
 []

[16 <../graphs-paper2/ftw-dephasing-even.pdf> <../graphs-paper2/ftw-dephasing-o
dd.pdf

pdfTeX warning: pdflatex (file ../graphs-paper2/ftw-dephasing-odd.pdf): PDF inc
lusion: multiple pdfs with page group included in a single page
> <../graphs-paper2/ftw-dephasing-even-rescaled.pdf

pdfTeX warning: pdflatex (file ../graphs-paper2/ftw-dephasing-even-rescaled.pdf
): PDF inclusion: multiple pdfs with page group included in a single page
> <../graphs-paper2/ftw-dephasing-odd-rescaled.pdf

pdfTeX warning: pdflatex (file ../graphs-paper2/ftw-dephasing-odd-rescaled.pdf)
: PDF inclusion: multiple pdfs with page group included in a single page
>]
<../graphs-paper2/ftw-dephasing-rescaled.pdf, id=1393, 462.52798pt x 346.89601p
t>
File: ../graphs-paper2/ftw-dephasing-rescaled.pdf Graphic file (type pdf)
<use ../graphs-paper2/ftw-dephasing-rescaled.pdf>
Package pdftex.def Info: ../graphs-paper2/ftw-dephasing-rescaled.pdf  used on i
nput line 520.
(pdftex.def)             Requested size: 458.99689pt x 344.26443pt.
 [17 <../graphs-paper2/ftw-dephasing-rescaled.pdf>]
<../graphs-paper2/hms-dephasing-even.pdf, id=1437, 462.52798pt x 346.89601pt>
File: ../graphs-paper2/hms-dephasing-even.pdf Graphic file (type pdf)
<use ../graphs-paper2/hms-dephasing-even.pdf>
Package pdftex.def Info: ../graphs-paper2/hms-dephasing-even.pdf  used on input
 line 527.
(pdftex.def)             Requested size: 249.9028pt x 187.42691pt.
<../graphs-paper2/hms-dephasing-odd.pdf, id=1438, 462.52798pt x 346.89601pt>
File: ../graphs-paper2/hms-dephasing-odd.pdf Graphic file (type pdf)
<use ../graphs-paper2/hms-dephasing-odd.pdf>
Package pdftex.def Info: ../graphs-paper2/hms-dephasing-odd.pdf  used on input 
line 528.
(pdftex.def)             Requested size: 249.9028pt x 187.42691pt.

Overfull \hbox (2.02782pt too wide) in paragraph at lines 527--529
[][] [] 
 []

<../graphs-paper2/hms-dephasing-even-rescaled.pdf, id=1439, 462.52798pt x 346.8
9601pt>
File: ../graphs-paper2/hms-dephasing-even-rescaled.pdf Graphic file (type pdf)
<use ../graphs-paper2/hms-dephasing-even-rescaled.pdf>
Package pdftex.def Info: ../graphs-paper2/hms-dephasing-even-rescaled.pdf  used
 on input line 532.
(pdftex.def)             Requested size: 249.9028pt x 187.42691pt.
<../graphs-paper2/hms-dephasing-odd-rescaled.pdf, id=1440, 462.52798pt x 346.89
601pt>
File: ../graphs-paper2/hms-dephasing-odd-rescaled.pdf Graphic file (type pdf)
<use ../graphs-paper2/hms-dephasing-odd-rescaled.pdf>
Package pdftex.def Info: ../graphs-paper2/hms-dephasing-odd-rescaled.pdf  used 
on input line 533.
(pdftex.def)             Requested size: 249.9028pt x 187.42691pt.

Overfull \hbox (2.02782pt too wide) in paragraph at lines 532--534
[][] [] 
 []

[18 <../graphs-paper2/hms-dephasing-even.pdf> <../graphs-paper2/hms-dephasing-o
dd.pdf

pdfTeX warning: pdflatex (file ../graphs-paper2/hms-dephasing-odd.pdf): PDF inc
lusion: multiple pdfs with page group included in a single page
> <../graphs-paper2/hms-dephasing-even-rescaled.pdf

pdfTeX warning: pdflatex (file ../graphs-paper2/hms-dephasing-even-rescaled.pdf
): PDF inclusion: multiple pdfs with page group included in a single page
> <../graphs-paper2/hms-dephasing-odd-rescaled.pdf

pdfTeX warning: pdflatex (file ../graphs-paper2/hms-dephasing-odd-rescaled.pdf)
: PDF inclusion: multiple pdfs with page group included in a single page
>]
<../graphs-paper2/hms-dephasing-rescaled.pdf, id=1590, 462.52798pt x 346.89601p
t>
File: ../graphs-paper2/hms-dephasing-rescaled.pdf Graphic file (type pdf)
<use ../graphs-paper2/hms-dephasing-rescaled.pdf>
Package pdftex.def Info: ../graphs-paper2/hms-dephasing-rescaled.pdf  used on i
nput line 541.
(pdftex.def)             Requested size: 458.99689pt x 344.26443pt.
 [19 <../graphs-paper2/hms-dephasing-rescaled.pdf>]
<../graphs-paper2/hst-dephasing-even.pdf, id=1636, 462.52798pt x 346.89601pt>
File: ../graphs-paper2/hst-dephasing-even.pdf Graphic file (type pdf)
<use ../graphs-paper2/hst-dephasing-even.pdf>
Package pdftex.def Info: ../graphs-paper2/hst-dephasing-even.pdf  used on input
 line 548.
(pdftex.def)             Requested size: 249.9028pt x 187.42691pt.
<../graphs-paper2/hst-dephasing-odd.pdf, id=1637, 462.52798pt x 346.89601pt>
File: ../graphs-paper2/hst-dephasing-odd.pdf Graphic file (type pdf)
<use ../graphs-paper2/hst-dephasing-odd.pdf>
Package pdftex.def Info: ../graphs-paper2/hst-dephasing-odd.pdf  used on input 
line 549.
(pdftex.def)             Requested size: 249.9028pt x 187.42691pt.

Overfull \hbox (2.02782pt too wide) in paragraph at lines 548--550
[][] [] 
 []

<../graphs-paper2/hst-dephasing-even-rescaled.pdf, id=1638, 462.52798pt x 346.8
9601pt>
File: ../graphs-paper2/hst-dephasing-even-rescaled.pdf Graphic file (type pdf)
<use ../graphs-paper2/hst-dephasing-even-rescaled.pdf>
Package pdftex.def Info: ../graphs-paper2/hst-dephasing-even-rescaled.pdf  used
 on input line 553.
(pdftex.def)             Requested size: 249.9028pt x 187.42691pt.
<../graphs-paper2/hst-dephasing-odd-rescaled.pdf, id=1639, 462.52798pt x 346.89
601pt>
File: ../graphs-paper2/hst-dephasing-odd-rescaled.pdf Graphic file (type pdf)
<use ../graphs-paper2/hst-dephasing-odd-rescaled.pdf>
Package pdftex.def Info: ../graphs-paper2/hst-dephasing-odd-rescaled.pdf  used 
on input line 554.
(pdftex.def)             Requested size: 249.9028pt x 187.42691pt.

Overfull \hbox (2.02782pt too wide) in paragraph at lines 553--555
[][] [] 
 []

[20 <../graphs-paper2/hst-dephasing-even.pdf> <../graphs-paper2/hst-dephasing-o
dd.pdf

pdfTeX warning: pdflatex (file ../graphs-paper2/hst-dephasing-odd.pdf): PDF inc
lusion: multiple pdfs with page group included in a single page
> <../graphs-paper2/hst-dephasing-even-rescaled.pdf

pdfTeX warning: pdflatex (file ../graphs-paper2/hst-dephasing-even-rescaled.pdf
): PDF inclusion: multiple pdfs with page group included in a single page
> <../graphs-paper2/hst-dephasing-odd-rescaled.pdf

pdfTeX warning: pdflatex (file ../graphs-paper2/hst-dephasing-odd-rescaled.pdf)
: PDF inclusion: multiple pdfs with page group included in a single page
>]
<../graphs-paper2/hst-dephasing-rescaled.pdf, id=1789, 462.52798pt x 346.89601p
t>
File: ../graphs-paper2/hst-dephasing-rescaled.pdf Graphic file (type pdf)
<use ../graphs-paper2/hst-dephasing-rescaled.pdf>
Package pdftex.def Info: ../graphs-paper2/hst-dephasing-rescaled.pdf  used on i
nput line 562.
(pdftex.def)             Requested size: 458.99689pt x 344.26443pt.
 [21 <../graphs-paper2/hst-dephasing-rescaled.pdf>]
<../graphs-paper2/lcy-dephasing-even.pdf, id=1834, 462.52798pt x 346.89601pt>
File: ../graphs-paper2/lcy-dephasing-even.pdf Graphic file (type pdf)
<use ../graphs-paper2/lcy-dephasing-even.pdf>
Package pdftex.def Info: ../graphs-paper2/lcy-dephasing-even.pdf  used on input
 line 569.
(pdftex.def)             Requested size: 249.9028pt x 187.42691pt.
<../graphs-paper2/lcy-dephasing-odd.pdf, id=1835, 462.52798pt x 346.89601pt>
File: ../graphs-paper2/lcy-dephasing-odd.pdf Graphic file (type pdf)
<use ../graphs-paper2/lcy-dephasing-odd.pdf>
Package pdftex.def Info: ../graphs-paper2/lcy-dephasing-odd.pdf  used on input 
line 570.
(pdftex.def)             Requested size: 249.9028pt x 187.42691pt.

Overfull \hbox (2.02782pt too wide) in paragraph at lines 569--571
[][] [] 
 []

<../graphs-paper2/lcy-dephasing-even-rescaled.pdf, id=1836, 462.52798pt x 346.8
9601pt>
File: ../graphs-paper2/lcy-dephasing-even-rescaled.pdf Graphic file (type pdf)
<use ../graphs-paper2/lcy-dephasing-even-rescaled.pdf>
Package pdftex.def Info: ../graphs-paper2/lcy-dephasing-even-rescaled.pdf  used
 on input line 574.
(pdftex.def)             Requested size: 249.9028pt x 187.42691pt.
<../graphs-paper2/lcy-dephasing-odd-rescaled.pdf, id=1837, 462.52798pt x 346.89
601pt>
File: ../graphs-paper2/lcy-dephasing-odd-rescaled.pdf Graphic file (type pdf)
<use ../graphs-paper2/lcy-dephasing-odd-rescaled.pdf>
Package pdftex.def Info: ../graphs-paper2/lcy-dephasing-odd-rescaled.pdf  used 
on input line 575.
(pdftex.def)             Requested size: 249.9028pt x 187.42691pt.

Overfull \hbox (2.02782pt too wide) in paragraph at lines 574--576
[][] [] 
 []

[22 <../graphs-paper2/lcy-dephasing-even.pdf> <../graphs-paper2/lcy-dephasing-o
dd.pdf

pdfTeX warning: pdflatex (file ../graphs-paper2/lcy-dephasing-odd.pdf): PDF inc
lusion: multiple pdfs with page group included in a single page
> <../graphs-paper2/lcy-dephasing-even-rescaled.pdf

pdfTeX warning: pdflatex (file ../graphs-paper2/lcy-dephasing-even-rescaled.pdf
): PDF inclusion: multiple pdfs with page group included in a single page
> <../graphs-paper2/lcy-dephasing-odd-rescaled.pdf

pdfTeX warning: pdflatex (file ../graphs-paper2/lcy-dephasing-odd-rescaled.pdf)
: PDF inclusion: multiple pdfs with page group included in a single page
>]
<../graphs-paper2/lcy-dephasing-rescaled.pdf, id=1984, 462.52798pt x 346.89601p
t>
File: ../graphs-paper2/lcy-dephasing-rescaled.pdf Graphic file (type pdf)
<use ../graphs-paper2/lcy-dephasing-rescaled.pdf>
Package pdftex.def Info: ../graphs-paper2/lcy-dephasing-rescaled.pdf  used on i
nput line 583.
(pdftex.def)             Requested size: 458.99689pt x 344.26443pt.
 [23 <../graphs-paper2/lcy-dephasing-rescaled.pdf>]
<../graphs-paper2/mab-dephasing-even.pdf, id=2028, 462.52798pt x 346.89601pt>
File: ../graphs-paper2/mab-dephasing-even.pdf Graphic file (type pdf)
<use ../graphs-paper2/mab-dephasing-even.pdf>
Package pdftex.def Info: ../graphs-paper2/mab-dephasing-even.pdf  used on input
 line 590.
(pdftex.def)             Requested size: 249.9028pt x 187.42691pt.
<../graphs-paper2/mab-dephasing-odd.pdf, id=2029, 462.52798pt x 346.89601pt>
File: ../graphs-paper2/mab-dephasing-odd.pdf Graphic file (type pdf)
<use ../graphs-paper2/mab-dephasing-odd.pdf>
Package pdftex.def Info: ../graphs-paper2/mab-dephasing-odd.pdf  used on input 
line 591.
(pdftex.def)             Requested size: 249.9028pt x 187.42691pt.

Overfull \hbox (2.02782pt too wide) in paragraph at lines 590--592
[][] [] 
 []

<../graphs-paper2/mab-dephasing-even-rescaled.pdf, id=2030, 462.52798pt x 346.8
9601pt>
File: ../graphs-paper2/mab-dephasing-even-rescaled.pdf Graphic file (type pdf)
<use ../graphs-paper2/mab-dephasing-even-rescaled.pdf>
Package pdftex.def Info: ../graphs-paper2/mab-dephasing-even-rescaled.pdf  used
 on input line 595.
(pdftex.def)             Requested size: 249.9028pt x 187.42691pt.
<../graphs-paper2/mab-dephasing-odd-rescaled.pdf, id=2031, 462.52798pt x 346.89
601pt>
File: ../graphs-paper2/mab-dephasing-odd-rescaled.pdf Graphic file (type pdf)
<use ../graphs-paper2/mab-dephasing-odd-rescaled.pdf>
Package pdftex.def Info: ../graphs-paper2/mab-dephasing-odd-rescaled.pdf  used 
on input line 596.
(pdftex.def)             Requested size: 249.9028pt x 187.42691pt.

Overfull \hbox (2.02782pt too wide) in paragraph at lines 595--597
[][] [] 
 []

[24 <../graphs-paper2/mab-dephasing-even.pdf> <../graphs-paper2/mab-dephasing-o
dd.pdf

pdfTeX warning: pdflatex (file ../graphs-paper2/mab-dephasing-odd.pdf): PDF inc
lusion: multiple pdfs with page group included in a single page
> <../graphs-paper2/mab-dephasing-even-rescaled.pdf

pdfTeX warning: pdflatex (file ../graphs-paper2/mab-dephasing-even-rescaled.pdf
): PDF inclusion: multiple pdfs with page group included in a single page
> <../graphs-paper2/mab-dephasing-odd-rescaled.pdf

pdfTeX warning: pdflatex (file ../graphs-paper2/mab-dephasing-odd-rescaled.pdf)
: PDF inclusion: multiple pdfs with page group included in a single page
>]
<../graphs-paper2/mab-dephasing-rescaled.pdf, id=2183, 462.52798pt x 346.89601p
t>
File: ../graphs-paper2/mab-dephasing-rescaled.pdf Graphic file (type pdf)
<use ../graphs-paper2/mab-dephasing-rescaled.pdf>
Package pdftex.def Info: ../graphs-paper2/mab-dephasing-rescaled.pdf  used on i
nput line 604.
(pdftex.def)             Requested size: 458.99689pt x 344.26443pt.
 [25 <../graphs-paper2/mab-dephasing-rescaled.pdf>]
<../graphs-paper2/mcf-dephasing-even.pdf, id=2229, 462.52798pt x 346.89601pt>
File: ../graphs-paper2/mcf-dephasing-even.pdf Graphic file (type pdf)
<use ../graphs-paper2/mcf-dephasing-even.pdf>
Package pdftex.def Info: ../graphs-paper2/mcf-dephasing-even.pdf  used on input
 line 611.
(pdftex.def)             Requested size: 249.9028pt x 187.42691pt.
<../graphs-paper2/mcf-dephasing-odd.pdf, id=2230, 462.52798pt x 346.89601pt>
File: ../graphs-paper2/mcf-dephasing-odd.pdf Graphic file (type pdf)
<use ../graphs-paper2/mcf-dephasing-odd.pdf>
Package pdftex.def Info: ../graphs-paper2/mcf-dephasing-odd.pdf  used on input 
line 612.
(pdftex.def)             Requested size: 249.9028pt x 187.42691pt.

Overfull \hbox (2.02782pt too wide) in paragraph at lines 611--613
[][] [] 
 []

<../graphs-paper2/mcf-dephasing-even-rescaled.pdf, id=2231, 462.52798pt x 346.8
9601pt>
File: ../graphs-paper2/mcf-dephasing-even-rescaled.pdf Graphic file (type pdf)
<use ../graphs-paper2/mcf-dephasing-even-rescaled.pdf>
Package pdftex.def Info: ../graphs-paper2/mcf-dephasing-even-rescaled.pdf  used
 on input line 616.
(pdftex.def)             Requested size: 249.9028pt x 187.42691pt.
<../graphs-paper2/mcf-dephasing-odd-rescaled.pdf, id=2232, 462.52798pt x 346.89
601pt>
File: ../graphs-paper2/mcf-dephasing-odd-rescaled.pdf Graphic file (type pdf)
<use ../graphs-paper2/mcf-dephasing-odd-rescaled.pdf>
Package pdftex.def Info: ../graphs-paper2/mcf-dephasing-odd-rescaled.pdf  used 
on input line 617.
(pdftex.def)             Requested size: 249.9028pt x 187.42691pt.

Overfull \hbox (2.02782pt too wide) in paragraph at lines 616--618
[][] [] 
 []

[26 <../graphs-paper2/mcf-dephasing-even.pdf> <../graphs-paper2/mcf-dephasing-o
dd.pdf

pdfTeX warning: pdflatex (file ../graphs-paper2/mcf-dephasing-odd.pdf): PDF inc
lusion: multiple pdfs with page group included in a single page
> <../graphs-paper2/mcf-dephasing-even-rescaled.pdf

pdfTeX warning: pdflatex (file ../graphs-paper2/mcf-dephasing-even-rescaled.pdf
): PDF inclusion: multiple pdfs with page group included in a single page
> <../graphs-paper2/mcf-dephasing-odd-rescaled.pdf

pdfTeX warning: pdflatex (file ../graphs-paper2/mcf-dephasing-odd-rescaled.pdf)
: PDF inclusion: multiple pdfs with page group included in a single page
>]
<../graphs-paper2/mcf-dephasing-rescaled.pdf, id=2382, 462.52798pt x 346.89601p
t>
File: ../graphs-paper2/mcf-dephasing-rescaled.pdf Graphic file (type pdf)
<use ../graphs-paper2/mcf-dephasing-rescaled.pdf>
Package pdftex.def Info: ../graphs-paper2/mcf-dephasing-rescaled.pdf  used on i
nput line 625.
(pdftex.def)             Requested size: 458.99689pt x 344.26443pt.
 [27 <../graphs-paper2/mcf-dephasing-rescaled.pdf>]
<../graphs-paper2/mco-dephasing-even.pdf, id=2427, 462.52798pt x 346.89601pt>
File: ../graphs-paper2/mco-dephasing-even.pdf Graphic file (type pdf)
<use ../graphs-paper2/mco-dephasing-even.pdf>
Package pdftex.def Info: ../graphs-paper2/mco-dephasing-even.pdf  used on input
 line 632.
(pdftex.def)             Requested size: 249.9028pt x 187.42691pt.
<../graphs-paper2/mco-dephasing-odd.pdf, id=2428, 462.52798pt x 346.89601pt>
File: ../graphs-paper2/mco-dephasing-odd.pdf Graphic file (type pdf)
<use ../graphs-paper2/mco-dephasing-odd.pdf>
Package pdftex.def Info: ../graphs-paper2/mco-dephasing-odd.pdf  used on input 
line 633.
(pdftex.def)             Requested size: 249.9028pt x 187.42691pt.

Overfull \hbox (2.02782pt too wide) in paragraph at lines 632--634
[][] [] 
 []

<../graphs-paper2/mco-dephasing-even-rescaled.pdf, id=2429, 462.52798pt x 346.8
9601pt>
File: ../graphs-paper2/mco-dephasing-even-rescaled.pdf Graphic file (type pdf)
<use ../graphs-paper2/mco-dephasing-even-rescaled.pdf>
Package pdftex.def Info: ../graphs-paper2/mco-dephasing-even-rescaled.pdf  used
 on input line 637.
(pdftex.def)             Requested size: 249.9028pt x 187.42691pt.
<../graphs-paper2/mco-dephasing-odd-rescaled.pdf, id=2430, 462.52798pt x 346.89
601pt>
File: ../graphs-paper2/mco-dephasing-odd-rescaled.pdf Graphic file (type pdf)
<use ../graphs-paper2/mco-dephasing-odd-rescaled.pdf>
Package pdftex.def Info: ../graphs-paper2/mco-dephasing-odd-rescaled.pdf  used 
on input line 638.
(pdftex.def)             Requested size: 249.9028pt x 187.42691pt.

Overfull \hbox (2.02782pt too wide) in paragraph at lines 637--639
[][] [] 
 []

[28 <../graphs-paper2/mco-dephasing-even.pdf> <../graphs-paper2/mco-dephasing-o
dd.pdf

pdfTeX warning: pdflatex (file ../graphs-paper2/mco-dephasing-odd.pdf): PDF inc
lusion: multiple pdfs with page group included in a single page
> <../graphs-paper2/mco-dephasing-even-rescaled.pdf

pdfTeX warning: pdflatex (file ../graphs-paper2/mco-dephasing-even-rescaled.pdf
): PDF inclusion: multiple pdfs with page group included in a single page
> <../graphs-paper2/mco-dephasing-odd-rescaled.pdf

pdfTeX warning: pdflatex (file ../graphs-paper2/mco-dephasing-odd-rescaled.pdf)
: PDF inclusion: multiple pdfs with page group included in a single page
>]
<../graphs-paper2/mco-dephasing-rescaled.pdf, id=2578, 462.52798pt x 346.89601p
t>
File: ../graphs-paper2/mco-dephasing-rescaled.pdf Graphic file (type pdf)
<use ../graphs-paper2/mco-dephasing-rescaled.pdf>
Package pdftex.def Info: ../graphs-paper2/mco-dephasing-rescaled.pdf  used on i
nput line 646.
(pdftex.def)             Requested size: 458.99689pt x 344.26443pt.
 [29 <../graphs-paper2/mco-dephasing-rescaled.pdf>]
<../graphs-paper2/mgc-dephasing-even.pdf, id=2624, 462.52798pt x 346.89601pt>
File: ../graphs-paper2/mgc-dephasing-even.pdf Graphic file (type pdf)
<use ../graphs-paper2/mgc-dephasing-even.pdf>
Package pdftex.def Info: ../graphs-paper2/mgc-dephasing-even.pdf  used on input
 line 653.
(pdftex.def)             Requested size: 249.9028pt x 187.42691pt.
<../graphs-paper2/mgc-dephasing-odd.pdf, id=2625, 462.52798pt x 346.89601pt>
File: ../graphs-paper2/mgc-dephasing-odd.pdf Graphic file (type pdf)
<use ../graphs-paper2/mgc-dephasing-odd.pdf>
Package pdftex.def Info: ../graphs-paper2/mgc-dephasing-odd.pdf  used on input 
line 654.
(pdftex.def)             Requested size: 249.9028pt x 187.42691pt.

Overfull \hbox (2.02782pt too wide) in paragraph at lines 653--655
[][] [] 
 []

<../graphs-paper2/mgc-dephasing-even-rescaled.pdf, id=2626, 462.52798pt x 346.8
9601pt>
File: ../graphs-paper2/mgc-dephasing-even-rescaled.pdf Graphic file (type pdf)
<use ../graphs-paper2/mgc-dephasing-even-rescaled.pdf>
Package pdftex.def Info: ../graphs-paper2/mgc-dephasing-even-rescaled.pdf  used
 on input line 658.
(pdftex.def)             Requested size: 249.9028pt x 187.42691pt.
<../graphs-paper2/mgc-dephasing-odd-rescaled.pdf, id=2627, 462.52798pt x 346.89
601pt>
File: ../graphs-paper2/mgc-dephasing-odd-rescaled.pdf Graphic file (type pdf)
<use ../graphs-paper2/mgc-dephasing-odd-rescaled.pdf>
Package pdftex.def Info: ../graphs-paper2/mgc-dephasing-odd-rescaled.pdf  used 
on input line 659.
(pdftex.def)             Requested size: 249.9028pt x 187.42691pt.

Overfull \hbox (2.02782pt too wide) in paragraph at lines 658--660
[][] [] 
 []

[30 <../graphs-paper2/mgc-dephasing-even.pdf> <../graphs-paper2/mgc-dephasing-o
dd.pdf

pdfTeX warning: pdflatex (file ../graphs-paper2/mgc-dephasing-odd.pdf): PDF inc
lusion: multiple pdfs with page group included in a single page
> <../graphs-paper2/mgc-dephasing-even-rescaled.pdf

pdfTeX warning: pdflatex (file ../graphs-paper2/mgc-dephasing-even-rescaled.pdf
): PDF inclusion: multiple pdfs with page group included in a single page
> <../graphs-paper2/mgc-dephasing-odd-rescaled.pdf

pdfTeX warning: pdflatex (file ../graphs-paper2/mgc-dephasing-odd-rescaled.pdf)
: PDF inclusion: multiple pdfs with page group included in a single page
>]
<../graphs-paper2/mgc-dephasing-rescaled.pdf, id=2774, 462.52798pt x 346.89601p
t>
File: ../graphs-paper2/mgc-dephasing-rescaled.pdf Graphic file (type pdf)
<use ../graphs-paper2/mgc-dephasing-rescaled.pdf>
Package pdftex.def Info: ../graphs-paper2/mgc-dephasing-rescaled.pdf  used on i
nput line 667.
(pdftex.def)             Requested size: 458.99689pt x 344.26443pt.
 [31 <../graphs-paper2/mgc-dephasing-rescaled.pdf>]
<../graphs-paper2/pcu-dephasing-even.pdf, id=2819, 462.52798pt x 346.89601pt>
File: ../graphs-paper2/pcu-dephasing-even.pdf Graphic file (type pdf)
<use ../graphs-paper2/pcu-dephasing-even.pdf>
Package pdftex.def Info: ../graphs-paper2/pcu-dephasing-even.pdf  used on input
 line 674.
(pdftex.def)             Requested size: 249.9028pt x 187.42691pt.
<../graphs-paper2/pcu-dephasing-odd.pdf, id=2820, 462.52798pt x 346.89601pt>
File: ../graphs-paper2/pcu-dephasing-odd.pdf Graphic file (type pdf)
<use ../graphs-paper2/pcu-dephasing-odd.pdf>
Package pdftex.def Info: ../graphs-paper2/pcu-dephasing-odd.pdf  used on input 
line 675.
(pdftex.def)             Requested size: 249.9028pt x 187.42691pt.

Overfull \hbox (2.02782pt too wide) in paragraph at lines 674--676
[][] [] 
 []

<../graphs-paper2/pcu-dephasing-even-rescaled.pdf, id=2821, 462.52798pt x 346.8
9601pt>
File: ../graphs-paper2/pcu-dephasing-even-rescaled.pdf Graphic file (type pdf)
<use ../graphs-paper2/pcu-dephasing-even-rescaled.pdf>
Package pdftex.def Info: ../graphs-paper2/pcu-dephasing-even-rescaled.pdf  used
 on input line 679.
(pdftex.def)             Requested size: 249.9028pt x 187.42691pt.
<../graphs-paper2/pcu-dephasing-odd-rescaled.pdf, id=2822, 462.52798pt x 346.89
601pt>
File: ../graphs-paper2/pcu-dephasing-odd-rescaled.pdf Graphic file (type pdf)
<use ../graphs-paper2/pcu-dephasing-odd-rescaled.pdf>
Package pdftex.def Info: ../graphs-paper2/pcu-dephasing-odd-rescaled.pdf  used 
on input line 680.
(pdftex.def)             Requested size: 249.9028pt x 187.42691pt.

Overfull \hbox (2.02782pt too wide) in paragraph at lines 679--681
[][] [] 
 []

[32 <../graphs-paper2/pcu-dephasing-even.pdf> <../graphs-paper2/pcu-dephasing-o
dd.pdf

pdfTeX warning: pdflatex (file ../graphs-paper2/pcu-dephasing-odd.pdf): PDF inc
lusion: multiple pdfs with page group included in a single page
> <../graphs-paper2/pcu-dephasing-even-rescaled.pdf

pdfTeX warning: pdflatex (file ../graphs-paper2/pcu-dephasing-even-rescaled.pdf
): PDF inclusion: multiple pdfs with page group included in a single page
> <../graphs-paper2/pcu-dephasing-odd-rescaled.pdf

pdfTeX warning: pdflatex (file ../graphs-paper2/pcu-dephasing-odd-rescaled.pdf)
: PDF inclusion: multiple pdfs with page group included in a single page
>]
<../graphs-paper2/pcu-dephasing-rescaled.pdf, id=2970, 462.52798pt x 346.89601p
t>
File: ../graphs-paper2/pcu-dephasing-rescaled.pdf Graphic file (type pdf)
<use ../graphs-paper2/pcu-dephasing-rescaled.pdf>
Package pdftex.def Info: ../graphs-paper2/pcu-dephasing-rescaled.pdf  used on i
nput line 688.
(pdftex.def)             Requested size: 458.99689pt x 344.26443pt.
 [33 <../graphs-paper2/pcu-dephasing-rescaled.pdf>]
<../graphs-paper2/pte-dephasing-even.pdf, id=3014, 462.52798pt x 346.89601pt>
File: ../graphs-paper2/pte-dephasing-even.pdf Graphic file (type pdf)
<use ../graphs-paper2/pte-dephasing-even.pdf>
Package pdftex.def Info: ../graphs-paper2/pte-dephasing-even.pdf  used on input
 line 695.
(pdftex.def)             Requested size: 249.9028pt x 187.42691pt.
<../graphs-paper2/pte-dephasing-odd.pdf, id=3015, 462.52798pt x 346.89601pt>
File: ../graphs-paper2/pte-dephasing-odd.pdf Graphic file (type pdf)
<use ../graphs-paper2/pte-dephasing-odd.pdf>
Package pdftex.def Info: ../graphs-paper2/pte-dephasing-odd.pdf  used on input 
line 696.
(pdftex.def)             Requested size: 249.9028pt x 187.42691pt.

Overfull \hbox (2.02782pt too wide) in paragraph at lines 695--697
[][] [] 
 []

<../graphs-paper2/pte-dephasing-even-rescaled.pdf, id=3016, 462.52798pt x 346.8
9601pt>
File: ../graphs-paper2/pte-dephasing-even-rescaled.pdf Graphic file (type pdf)
<use ../graphs-paper2/pte-dephasing-even-rescaled.pdf>
Package pdftex.def Info: ../graphs-paper2/pte-dephasing-even-rescaled.pdf  used
 on input line 700.
(pdftex.def)             Requested size: 249.9028pt x 187.42691pt.
<../graphs-paper2/pte-dephasing-odd-rescaled.pdf, id=3017, 462.52798pt x 346.89
601pt>
File: ../graphs-paper2/pte-dephasing-odd-rescaled.pdf Graphic file (type pdf)
<use ../graphs-paper2/pte-dephasing-odd-rescaled.pdf>
Package pdftex.def Info: ../graphs-paper2/pte-dephasing-odd-rescaled.pdf  used 
on input line 701.
(pdftex.def)             Requested size: 249.9028pt x 187.42691pt.

Overfull \hbox (2.02782pt too wide) in paragraph at lines 700--702
[][] [] 
 []

[34 <../graphs-paper2/pte-dephasing-even.pdf> <../graphs-paper2/pte-dephasing-o
dd.pdf

pdfTeX warning: pdflatex (file ../graphs-paper2/pte-dephasing-odd.pdf): PDF inc
lusion: multiple pdfs with page group included in a single page
> <../graphs-paper2/pte-dephasing-even-rescaled.pdf

pdfTeX warning: pdflatex (file ../graphs-paper2/pte-dephasing-even-rescaled.pdf
): PDF inclusion: multiple pdfs with page group included in a single page
> <../graphs-paper2/pte-dephasing-odd-rescaled.pdf

pdfTeX warning: pdflatex (file ../graphs-paper2/pte-dephasing-odd-rescaled.pdf)
: PDF inclusion: multiple pdfs with page group included in a single page
>]
<../graphs-paper2/pte-dephasing-rescaled.pdf, id=3168, 462.52798pt x 346.89601p
t>
File: ../graphs-paper2/pte-dephasing-rescaled.pdf Graphic file (type pdf)
<use ../graphs-paper2/pte-dephasing-rescaled.pdf>
Package pdftex.def Info: ../graphs-paper2/pte-dephasing-rescaled.pdf  used on i
nput line 709.
(pdftex.def)             Requested size: 458.99689pt x 344.26443pt.
 [35 <../graphs-paper2/pte-dephasing-rescaled.pdf>]
<../graphs-paper2/pyr-dephasing-even.pdf, id=3212, 462.52798pt x 346.89601pt>
File: ../graphs-paper2/pyr-dephasing-even.pdf Graphic file (type pdf)
<use ../graphs-paper2/pyr-dephasing-even.pdf>
Package pdftex.def Info: ../graphs-paper2/pyr-dephasing-even.pdf  used on input
 line 716.
(pdftex.def)             Requested size: 249.9028pt x 187.42691pt.
<../graphs-paper2/pyr-dephasing-odd.pdf, id=3213, 462.52798pt x 346.89601pt>
File: ../graphs-paper2/pyr-dephasing-odd.pdf Graphic file (type pdf)
<use ../graphs-paper2/pyr-dephasing-odd.pdf>
Package pdftex.def Info: ../graphs-paper2/pyr-dephasing-odd.pdf  used on input 
line 717.
(pdftex.def)             Requested size: 249.9028pt x 187.42691pt.

Overfull \hbox (2.02782pt too wide) in paragraph at lines 716--718
[][] [] 
 []

<../graphs-paper2/pyr-dephasing-even-rescaled.pdf, id=3214, 462.52798pt x 346.8
9601pt>
File: ../graphs-paper2/pyr-dephasing-even-rescaled.pdf Graphic file (type pdf)
<use ../graphs-paper2/pyr-dephasing-even-rescaled.pdf>
Package pdftex.def Info: ../graphs-paper2/pyr-dephasing-even-rescaled.pdf  used
 on input line 721.
(pdftex.def)             Requested size: 249.9028pt x 187.42691pt.
<../graphs-paper2/pyr-dephasing-odd-rescaled.pdf, id=3215, 462.52798pt x 346.89
601pt>
File: ../graphs-paper2/pyr-dephasing-odd-rescaled.pdf Graphic file (type pdf)
<use ../graphs-paper2/pyr-dephasing-odd-rescaled.pdf>
Package pdftex.def Info: ../graphs-paper2/pyr-dephasing-odd-rescaled.pdf  used 
on input line 722.
(pdftex.def)             Requested size: 249.9028pt x 187.42691pt.

Overfull \hbox (2.02782pt too wide) in paragraph at lines 721--723
[][] [] 
 []

[36 <../graphs-paper2/pyr-dephasing-even.pdf> <../graphs-paper2/pyr-dephasing-o
dd.pdf

pdfTeX warning: pdflatex (file ../graphs-paper2/pyr-dephasing-odd.pdf): PDF inc
lusion: multiple pdfs with page group included in a single page
> <../graphs-paper2/pyr-dephasing-even-rescaled.pdf

pdfTeX warning: pdflatex (file ../graphs-paper2/pyr-dephasing-even-rescaled.pdf
): PDF inclusion: multiple pdfs with page group included in a single page
> <../graphs-paper2/pyr-dephasing-odd-rescaled.pdf

pdfTeX warning: pdflatex (file ../graphs-paper2/pyr-dephasing-odd-rescaled.pdf)
: PDF inclusion: multiple pdfs with page group included in a single page
>]
<../graphs-paper2/pyr-dephasing-rescaled.pdf, id=3362, 462.52798pt x 346.89601p
t>
File: ../graphs-paper2/pyr-dephasing-rescaled.pdf Graphic file (type pdf)
<use ../graphs-paper2/pyr-dephasing-rescaled.pdf>
Package pdftex.def Info: ../graphs-paper2/pyr-dephasing-rescaled.pdf  used on i
nput line 730.
(pdftex.def)             Requested size: 458.99689pt x 344.26443pt.
 [37 <../graphs-paper2/pyr-dephasing-rescaled.pdf>]
<../graphs-paper2/qtz-x-dephasing-even.pdf, id=3408, 462.52798pt x 346.89601pt>

File: ../graphs-paper2/qtz-x-dephasing-even.pdf Graphic file (type pdf)
<use ../graphs-paper2/qtz-x-dephasing-even.pdf>
Package pdftex.def Info: ../graphs-paper2/qtz-x-dephasing-even.pdf  used on inp
ut line 737.
(pdftex.def)             Requested size: 249.9028pt x 187.42691pt.
<../graphs-paper2/qtz-x-dephasing-odd.pdf, id=3409, 462.52798pt x 346.89601pt>
File: ../graphs-paper2/qtz-x-dephasing-odd.pdf Graphic file (type pdf)
<use ../graphs-paper2/qtz-x-dephasing-odd.pdf>
Package pdftex.def Info: ../graphs-paper2/qtz-x-dephasing-odd.pdf  used on inpu
t line 738.
(pdftex.def)             Requested size: 249.9028pt x 187.42691pt.

Overfull \hbox (2.02782pt too wide) in paragraph at lines 737--739
[][] [] 
 []

<../graphs-paper2/qtz-x-dephasing-even-rescaled.pdf, id=3410, 462.52798pt x 346
.89601pt>
File: ../graphs-paper2/qtz-x-dephasing-even-rescaled.pdf Graphic file (type pdf
)
<use ../graphs-paper2/qtz-x-dephasing-even-rescaled.pdf>
Package pdftex.def Info: ../graphs-paper2/qtz-x-dephasing-even-rescaled.pdf  us
ed on input line 742.
(pdftex.def)             Requested size: 249.9028pt x 187.42691pt.
<../graphs-paper2/qtz-x-dephasing-odd-rescaled.pdf, id=3411, 462.52798pt x 346.
89601pt>
File: ../graphs-paper2/qtz-x-dephasing-odd-rescaled.pdf Graphic file (type pdf)

<use ../graphs-paper2/qtz-x-dephasing-odd-rescaled.pdf>
Package pdftex.def Info: ../graphs-paper2/qtz-x-dephasing-odd-rescaled.pdf  use
d on input line 743.
(pdftex.def)             Requested size: 249.9028pt x 187.42691pt.

Overfull \hbox (2.02782pt too wide) in paragraph at lines 742--744
[][] [] 
 []

[38 <../graphs-paper2/qtz-x-dephasing-even.pdf> <../graphs-paper2/qtz-x-dephasi
ng-odd.pdf

pdfTeX warning: pdflatex (file ../graphs-paper2/qtz-x-dephasing-odd.pdf): PDF i
nclusion: multiple pdfs with page group included in a single page
> <../graphs-paper2/qtz-x-dephasing-even-rescaled.pdf

pdfTeX warning: pdflatex (file ../graphs-paper2/qtz-x-dephasing-even-rescaled.p
df): PDF inclusion: multiple pdfs with page group included in a single page
> <../graphs-paper2/qtz-x-dephasing-odd-rescaled.pdf

pdfTeX warning: pdflatex (file ../graphs-paper2/qtz-x-dephasing-odd-rescaled.pd
f): PDF inclusion: multiple pdfs with page group included in a single page
>]
<../graphs-paper2/qtz-x-dephasing-rescaled.pdf, id=3561, 462.52798pt x 346.8960
1pt>
File: ../graphs-paper2/qtz-x-dephasing-rescaled.pdf Graphic file (type pdf)
<use ../graphs-paper2/qtz-x-dephasing-rescaled.pdf>
Package pdftex.def Info: ../graphs-paper2/qtz-x-dephasing-rescaled.pdf  used on
 input line 751.
(pdftex.def)             Requested size: 458.99689pt x 344.26443pt.
 [39 <../graphs-paper2/qtz-x-dephasing-rescaled.pdf>]
<../graphs-paper2/rtw-dephasing-even.pdf, id=3606, 462.52798pt x 346.89601pt>
File: ../graphs-paper2/rtw-dephasing-even.pdf Graphic file (type pdf)
<use ../graphs-paper2/rtw-dephasing-even.pdf>
Package pdftex.def Info: ../graphs-paper2/rtw-dephasing-even.pdf  used on input
 line 758.
(pdftex.def)             Requested size: 249.9028pt x 187.42691pt.
<../graphs-paper2/rtw-dephasing-odd.pdf, id=3607, 462.52798pt x 346.89601pt>
File: ../graphs-paper2/rtw-dephasing-odd.pdf Graphic file (type pdf)
<use ../graphs-paper2/rtw-dephasing-odd.pdf>
Package pdftex.def Info: ../graphs-paper2/rtw-dephasing-odd.pdf  used on input 
line 759.
(pdftex.def)             Requested size: 249.9028pt x 187.42691pt.

Overfull \hbox (2.02782pt too wide) in paragraph at lines 758--760
[][] [] 
 []

<../graphs-paper2/rtw-dephasing-even-rescaled.pdf, id=3608, 462.52798pt x 346.8
9601pt>
File: ../graphs-paper2/rtw-dephasing-even-rescaled.pdf Graphic file (type pdf)
<use ../graphs-paper2/rtw-dephasing-even-rescaled.pdf>
Package pdftex.def Info: ../graphs-paper2/rtw-dephasing-even-rescaled.pdf  used
 on input line 763.
(pdftex.def)             Requested size: 249.9028pt x 187.42691pt.
<../graphs-paper2/rtw-dephasing-odd-rescaled.pdf, id=3609, 462.52798pt x 346.89
601pt>
File: ../graphs-paper2/rtw-dephasing-odd-rescaled.pdf Graphic file (type pdf)
<use ../graphs-paper2/rtw-dephasing-odd-rescaled.pdf>
Package pdftex.def Info: ../graphs-paper2/rtw-dephasing-odd-rescaled.pdf  used 
on input line 764.
(pdftex.def)             Requested size: 249.9028pt x 187.42691pt.

Overfull \hbox (2.02782pt too wide) in paragraph at lines 763--765
[][] [] 
 []

[40 <../graphs-paper2/rtw-dephasing-even.pdf> <../graphs-paper2/rtw-dephasing-o
dd.pdf

pdfTeX warning: pdflatex (file ../graphs-paper2/rtw-dephasing-odd.pdf): PDF inc
lusion: multiple pdfs with page group included in a single page
> <../graphs-paper2/rtw-dephasing-even-rescaled.pdf

pdfTeX warning: pdflatex (file ../graphs-paper2/rtw-dephasing-even-rescaled.pdf
): PDF inclusion: multiple pdfs with page group included in a single page
> <../graphs-paper2/rtw-dephasing-odd-rescaled.pdf

pdfTeX warning: pdflatex (file ../graphs-paper2/rtw-dephasing-odd-rescaled.pdf)
: PDF inclusion: multiple pdfs with page group included in a single page
>]
<../graphs-paper2/rtw-dephasing-rescaled.pdf, id=3762, 462.52798pt x 346.89601p
t>
File: ../graphs-paper2/rtw-dephasing-rescaled.pdf Graphic file (type pdf)
<use ../graphs-paper2/rtw-dephasing-rescaled.pdf>
Package pdftex.def Info: ../graphs-paper2/rtw-dephasing-rescaled.pdf  used on i
nput line 772.
(pdftex.def)             Requested size: 458.99689pt x 344.26443pt.
 [41 <../graphs-paper2/rtw-dephasing-rescaled.pdf>]
<../graphs-paper2/sda-dephasing-even.pdf, id=3808, 462.52798pt x 346.89601pt>
File: ../graphs-paper2/sda-dephasing-even.pdf Graphic file (type pdf)
<use ../graphs-paper2/sda-dephasing-even.pdf>
Package pdftex.def Info: ../graphs-paper2/sda-dephasing-even.pdf  used on input
 line 779.
(pdftex.def)             Requested size: 249.9028pt x 187.42691pt.
<../graphs-paper2/sda-dephasing-odd.pdf, id=3809, 462.52798pt x 346.89601pt>
File: ../graphs-paper2/sda-dephasing-odd.pdf Graphic file (type pdf)
<use ../graphs-paper2/sda-dephasing-odd.pdf>
Package pdftex.def Info: ../graphs-paper2/sda-dephasing-odd.pdf  used on input 
line 780.
(pdftex.def)             Requested size: 249.9028pt x 187.42691pt.

Overfull \hbox (2.02782pt too wide) in paragraph at lines 779--781
[][] [] 
 []

<../graphs-paper2/sda-dephasing-even-rescaled.pdf, id=3810, 462.52798pt x 346.8
9601pt>
File: ../graphs-paper2/sda-dephasing-even-rescaled.pdf Graphic file (type pdf)
<use ../graphs-paper2/sda-dephasing-even-rescaled.pdf>
Package pdftex.def Info: ../graphs-paper2/sda-dephasing-even-rescaled.pdf  used
 on input line 784.
(pdftex.def)             Requested size: 249.9028pt x 187.42691pt.
<../graphs-paper2/sda-dephasing-odd-rescaled.pdf, id=3811, 462.52798pt x 346.89
601pt>
File: ../graphs-paper2/sda-dephasing-odd-rescaled.pdf Graphic file (type pdf)
<use ../graphs-paper2/sda-dephasing-odd-rescaled.pdf>
Package pdftex.def Info: ../graphs-paper2/sda-dephasing-odd-rescaled.pdf  used 
on input line 785.
(pdftex.def)             Requested size: 249.9028pt x 187.42691pt.

Overfull \hbox (2.02782pt too wide) in paragraph at lines 784--786
[][] [] 
 []

[42 <../graphs-paper2/sda-dephasing-even.pdf> <../graphs-paper2/sda-dephasing-o
dd.pdf

pdfTeX warning: pdflatex (file ../graphs-paper2/sda-dephasing-odd.pdf): PDF inc
lusion: multiple pdfs with page group included in a single page
> <../graphs-paper2/sda-dephasing-even-rescaled.pdf

pdfTeX warning: pdflatex (file ../graphs-paper2/sda-dephasing-even-rescaled.pdf
): PDF inclusion: multiple pdfs with page group included in a single page
> <../graphs-paper2/sda-dephasing-odd-rescaled.pdf

pdfTeX warning: pdflatex (file ../graphs-paper2/sda-dephasing-odd-rescaled.pdf)
: PDF inclusion: multiple pdfs with page group included in a single page
>]
<../graphs-paper2/sda-dephasing-rescaled.pdf, id=3958, 462.52798pt x 346.89601p
t>
File: ../graphs-paper2/sda-dephasing-rescaled.pdf Graphic file (type pdf)
<use ../graphs-paper2/sda-dephasing-rescaled.pdf>
Package pdftex.def Info: ../graphs-paper2/sda-dephasing-rescaled.pdf  used on i
nput line 793.
(pdftex.def)             Requested size: 458.99689pt x 344.26443pt.
 [43 <../graphs-paper2/sda-dephasing-rescaled.pdf>]
<../graphs-paper2/smt-dephasing-even.pdf, id=4002, 462.52798pt x 346.89601pt>
File: ../graphs-paper2/smt-dephasing-even.pdf Graphic file (type pdf)
<use ../graphs-paper2/smt-dephasing-even.pdf>
Package pdftex.def Info: ../graphs-paper2/smt-dephasing-even.pdf  used on input
 line 800.
(pdftex.def)             Requested size: 249.9028pt x 187.42691pt.
<../graphs-paper2/smt-dephasing-odd.pdf, id=4003, 462.52798pt x 346.89601pt>
File: ../graphs-paper2/smt-dephasing-odd.pdf Graphic file (type pdf)
<use ../graphs-paper2/smt-dephasing-odd.pdf>
Package pdftex.def Info: ../graphs-paper2/smt-dephasing-odd.pdf  used on input 
line 801.
(pdftex.def)             Requested size: 249.9028pt x 187.42691pt.

Overfull \hbox (2.02782pt too wide) in paragraph at lines 800--802
[][] [] 
 []

<../graphs-paper2/smt-dephasing-even-rescaled.pdf, id=4004, 462.52798pt x 346.8
9601pt>
File: ../graphs-paper2/smt-dephasing-even-rescaled.pdf Graphic file (type pdf)
<use ../graphs-paper2/smt-dephasing-even-rescaled.pdf>
Package pdftex.def Info: ../graphs-paper2/smt-dephasing-even-rescaled.pdf  used
 on input line 805.
(pdftex.def)             Requested size: 249.9028pt x 187.42691pt.
<../graphs-paper2/smt-dephasing-odd-rescaled.pdf, id=4005, 462.52798pt x 346.89
601pt>
File: ../graphs-paper2/smt-dephasing-odd-rescaled.pdf Graphic file (type pdf)
<use ../graphs-paper2/smt-dephasing-odd-rescaled.pdf>
Package pdftex.def Info: ../graphs-paper2/smt-dephasing-odd-rescaled.pdf  used 
on input line 806.
(pdftex.def)             Requested size: 249.9028pt x 187.42691pt.

Overfull \hbox (2.02782pt too wide) in paragraph at lines 805--807
[][] [] 
 []

[44 <../graphs-paper2/smt-dephasing-even.pdf> <../graphs-paper2/smt-dephasing-o
dd.pdf

pdfTeX warning: pdflatex (file ../graphs-paper2/smt-dephasing-odd.pdf): PDF inc
lusion: multiple pdfs with page group included in a single page
> <../graphs-paper2/smt-dephasing-even-rescaled.pdf

pdfTeX warning: pdflatex (file ../graphs-paper2/smt-dephasing-even-rescaled.pdf
): PDF inclusion: multiple pdfs with page group included in a single page
> <../graphs-paper2/smt-dephasing-odd-rescaled.pdf

pdfTeX warning: pdflatex (file ../graphs-paper2/smt-dephasing-odd-rescaled.pdf)
: PDF inclusion: multiple pdfs with page group included in a single page
>]
<../graphs-paper2/smt-dephasing-rescaled.pdf, id=4153, 462.52798pt x 346.89601p
t>
File: ../graphs-paper2/smt-dephasing-rescaled.pdf Graphic file (type pdf)
<use ../graphs-paper2/smt-dephasing-rescaled.pdf>
Package pdftex.def Info: ../graphs-paper2/smt-dephasing-rescaled.pdf  used on i
nput line 814.
(pdftex.def)             Requested size: 458.99689pt x 344.26443pt.
 [45 <../graphs-paper2/smt-dephasing-rescaled.pdf>]
<../graphs-paper2/swl-dephasing-even.pdf, id=4197, 462.52798pt x 346.89601pt>
File: ../graphs-paper2/swl-dephasing-even.pdf Graphic file (type pdf)
<use ../graphs-paper2/swl-dephasing-even.pdf>
Package pdftex.def Info: ../graphs-paper2/swl-dephasing-even.pdf  used on input
 line 821.
(pdftex.def)             Requested size: 249.9028pt x 187.42691pt.
<../graphs-paper2/swl-dephasing-odd.pdf, id=4198, 462.52798pt x 346.89601pt>
File: ../graphs-paper2/swl-dephasing-odd.pdf Graphic file (type pdf)
<use ../graphs-paper2/swl-dephasing-odd.pdf>
Package pdftex.def Info: ../graphs-paper2/swl-dephasing-odd.pdf  used on input 
line 822.
(pdftex.def)             Requested size: 249.9028pt x 187.42691pt.

Overfull \hbox (2.02782pt too wide) in paragraph at lines 821--823
[][] [] 
 []

<../graphs-paper2/swl-dephasing-even-rescaled.pdf, id=4199, 462.52798pt x 346.8
9601pt>
File: ../graphs-paper2/swl-dephasing-even-rescaled.pdf Graphic file (type pdf)
<use ../graphs-paper2/swl-dephasing-even-rescaled.pdf>
Package pdftex.def Info: ../graphs-paper2/swl-dephasing-even-rescaled.pdf  used
 on input line 826.
(pdftex.def)             Requested size: 249.9028pt x 187.42691pt.
<../graphs-paper2/swl-dephasing-odd-rescaled.pdf, id=4200, 462.52798pt x 346.89
601pt>
File: ../graphs-paper2/swl-dephasing-odd-rescaled.pdf Graphic file (type pdf)
<use ../graphs-paper2/swl-dephasing-odd-rescaled.pdf>
Package pdftex.def Info: ../graphs-paper2/swl-dephasing-odd-rescaled.pdf  used 
on input line 827.
(pdftex.def)             Requested size: 249.9028pt x 187.42691pt.

Overfull \hbox (2.02782pt too wide) in paragraph at lines 826--828
[][] [] 
 []

[46 <../graphs-paper2/swl-dephasing-even.pdf> <../graphs-paper2/swl-dephasing-o
dd.pdf

pdfTeX warning: pdflatex (file ../graphs-paper2/swl-dephasing-odd.pdf): PDF inc
lusion: multiple pdfs with page group included in a single page
> <../graphs-paper2/swl-dephasing-even-rescaled.pdf

pdfTeX warning: pdflatex (file ../graphs-paper2/swl-dephasing-even-rescaled.pdf
): PDF inclusion: multiple pdfs with page group included in a single page
> <../graphs-paper2/swl-dephasing-odd-rescaled.pdf

pdfTeX warning: pdflatex (file ../graphs-paper2/swl-dephasing-odd-rescaled.pdf)
: PDF inclusion: multiple pdfs with page group included in a single page
>]
<../graphs-paper2/swl-dephasing-rescaled.pdf, id=4351, 462.52798pt x 346.89601p
t>
File: ../graphs-paper2/swl-dephasing-rescaled.pdf Graphic file (type pdf)
<use ../graphs-paper2/swl-dephasing-rescaled.pdf>
Package pdftex.def Info: ../graphs-paper2/swl-dephasing-rescaled.pdf  used on i
nput line 835.
(pdftex.def)             Requested size: 458.99689pt x 344.26443pt.
 [47 <../graphs-paper2/swl-dephasing-rescaled.pdf>]
<../graphs-paper2/sxd-dephasing-even.pdf, id=4397, 462.52798pt x 346.89601pt>
File: ../graphs-paper2/sxd-dephasing-even.pdf Graphic file (type pdf)
<use ../graphs-paper2/sxd-dephasing-even.pdf>
Package pdftex.def Info: ../graphs-paper2/sxd-dephasing-even.pdf  used on input
 line 842.
(pdftex.def)             Requested size: 249.9028pt x 187.42691pt.
<../graphs-paper2/sxd-dephasing-odd.pdf, id=4398, 462.52798pt x 346.89601pt>
File: ../graphs-paper2/sxd-dephasing-odd.pdf Graphic file (type pdf)
<use ../graphs-paper2/sxd-dephasing-odd.pdf>
Package pdftex.def Info: ../graphs-paper2/sxd-dephasing-odd.pdf  used on input 
line 843.
(pdftex.def)             Requested size: 249.9028pt x 187.42691pt.

Overfull \hbox (2.02782pt too wide) in paragraph at lines 842--844
[][] [] 
 []

<../graphs-paper2/sxd-dephasing-even-rescaled.pdf, id=4399, 462.52798pt x 346.8
9601pt>
File: ../graphs-paper2/sxd-dephasing-even-rescaled.pdf Graphic file (type pdf)
<use ../graphs-paper2/sxd-dephasing-even-rescaled.pdf>
Package pdftex.def Info: ../graphs-paper2/sxd-dephasing-even-rescaled.pdf  used
 on input line 847.
(pdftex.def)             Requested size: 249.9028pt x 187.42691pt.
<../graphs-paper2/sxd-dephasing-odd-rescaled.pdf, id=4400, 462.52798pt x 346.89
601pt>
File: ../graphs-paper2/sxd-dephasing-odd-rescaled.pdf Graphic file (type pdf)
<use ../graphs-paper2/sxd-dephasing-odd-rescaled.pdf>
Package pdftex.def Info: ../graphs-paper2/sxd-dephasing-odd-rescaled.pdf  used 
on input line 848.
(pdftex.def)             Requested size: 249.9028pt x 187.42691pt.

Overfull \hbox (2.02782pt too wide) in paragraph at lines 847--849
[][] [] 
 []

[48 <../graphs-paper2/sxd-dephasing-even.pdf> <../graphs-paper2/sxd-dephasing-o
dd.pdf

pdfTeX warning: pdflatex (file ../graphs-paper2/sxd-dephasing-odd.pdf): PDF inc
lusion: multiple pdfs with page group included in a single page
> <../graphs-paper2/sxd-dephasing-even-rescaled.pdf

pdfTeX warning: pdflatex (file ../graphs-paper2/sxd-dephasing-even-rescaled.pdf
): PDF inclusion: multiple pdfs with page group included in a single page
> <../graphs-paper2/sxd-dephasing-odd-rescaled.pdf

pdfTeX warning: pdflatex (file ../graphs-paper2/sxd-dephasing-odd-rescaled.pdf)
: PDF inclusion: multiple pdfs with page group included in a single page
>]
<../graphs-paper2/sxd-dephasing-rescaled.pdf, id=4548, 462.52798pt x 346.89601p
t>
File: ../graphs-paper2/sxd-dephasing-rescaled.pdf Graphic file (type pdf)
<use ../graphs-paper2/sxd-dephasing-rescaled.pdf>
Package pdftex.def Info: ../graphs-paper2/sxd-dephasing-rescaled.pdf  used on i
nput line 856.
(pdftex.def)             Requested size: 458.99689pt x 344.26443pt.
 [49 <../graphs-paper2/sxd-dephasing-rescaled.pdf>]
<../graphs-paper2/tfa-dephasing-even.pdf, id=4593, 462.52798pt x 346.89601pt>
File: ../graphs-paper2/tfa-dephasing-even.pdf Graphic file (type pdf)
<use ../graphs-paper2/tfa-dephasing-even.pdf>
Package pdftex.def Info: ../graphs-paper2/tfa-dephasing-even.pdf  used on input
 line 863.
(pdftex.def)             Requested size: 249.9028pt x 187.42691pt.
<../graphs-paper2/tfa-dephasing-odd.pdf, id=4594, 462.52798pt x 346.89601pt>
File: ../graphs-paper2/tfa-dephasing-odd.pdf Graphic file (type pdf)
<use ../graphs-paper2/tfa-dephasing-odd.pdf>
Package pdftex.def Info: ../graphs-paper2/tfa-dephasing-odd.pdf  used on input 
line 864.
(pdftex.def)             Requested size: 249.9028pt x 187.42691pt.

Overfull \hbox (2.02782pt too wide) in paragraph at lines 863--865
[][] [] 
 []

<../graphs-paper2/tfa-dephasing-even-rescaled.pdf, id=4595, 462.52798pt x 346.8
9601pt>
File: ../graphs-paper2/tfa-dephasing-even-rescaled.pdf Graphic file (type pdf)
<use ../graphs-paper2/tfa-dephasing-even-rescaled.pdf>
Package pdftex.def Info: ../graphs-paper2/tfa-dephasing-even-rescaled.pdf  used
 on input line 868.
(pdftex.def)             Requested size: 249.9028pt x 187.42691pt.
<../graphs-paper2/tfa-dephasing-odd-rescaled.pdf, id=4596, 462.52798pt x 346.89
601pt>
File: ../graphs-paper2/tfa-dephasing-odd-rescaled.pdf Graphic file (type pdf)
<use ../graphs-paper2/tfa-dephasing-odd-rescaled.pdf>
Package pdftex.def Info: ../graphs-paper2/tfa-dephasing-odd-rescaled.pdf  used 
on input line 869.
(pdftex.def)             Requested size: 249.9028pt x 187.42691pt.

Overfull \hbox (2.02782pt too wide) in paragraph at lines 868--870
[][] [] 
 []

[50 <../graphs-paper2/tfa-dephasing-even.pdf> <../graphs-paper2/tfa-dephasing-o
dd.pdf

pdfTeX warning: pdflatex (file ../graphs-paper2/tfa-dephasing-odd.pdf): PDF inc
lusion: multiple pdfs with page group included in a single page
> <../graphs-paper2/tfa-dephasing-even-rescaled.pdf

pdfTeX warning: pdflatex (file ../graphs-paper2/tfa-dephasing-even-rescaled.pdf
): PDF inclusion: multiple pdfs with page group included in a single page
> <../graphs-paper2/tfa-dephasing-odd-rescaled.pdf

pdfTeX warning: pdflatex (file ../graphs-paper2/tfa-dephasing-odd-rescaled.pdf)
: PDF inclusion: multiple pdfs with page group included in a single page
>]
<../graphs-paper2/tfa-dephasing-rescaled.pdf, id=4744, 462.52798pt x 346.89601p
t>
File: ../graphs-paper2/tfa-dephasing-rescaled.pdf Graphic file (type pdf)
<use ../graphs-paper2/tfa-dephasing-rescaled.pdf>
Package pdftex.def Info: ../graphs-paper2/tfa-dephasing-rescaled.pdf  used on i
nput line 877.
(pdftex.def)             Requested size: 458.99689pt x 344.26443pt.
 [51 <../graphs-paper2/tfa-dephasing-rescaled.pdf>]
<../graphs-paper2/ths-dephasing-even.pdf, id=4790, 462.52798pt x 346.89601pt>
File: ../graphs-paper2/ths-dephasing-even.pdf Graphic file (type pdf)
<use ../graphs-paper2/ths-dephasing-even.pdf>
Package pdftex.def Info: ../graphs-paper2/ths-dephasing-even.pdf  used on input
 line 884.
(pdftex.def)             Requested size: 249.9028pt x 187.42691pt.
<../graphs-paper2/ths-dephasing-odd.pdf, id=4791, 462.52798pt x 346.89601pt>
File: ../graphs-paper2/ths-dephasing-odd.pdf Graphic file (type pdf)
<use ../graphs-paper2/ths-dephasing-odd.pdf>
Package pdftex.def Info: ../graphs-paper2/ths-dephasing-odd.pdf  used on input 
line 885.
(pdftex.def)             Requested size: 249.9028pt x 187.42691pt.

Overfull \hbox (2.02782pt too wide) in paragraph at lines 884--886
[][] [] 
 []

<../graphs-paper2/ths-dephasing-even-rescaled.pdf, id=4792, 462.52798pt x 346.8
9601pt>
File: ../graphs-paper2/ths-dephasing-even-rescaled.pdf Graphic file (type pdf)
<use ../graphs-paper2/ths-dephasing-even-rescaled.pdf>
Package pdftex.def Info: ../graphs-paper2/ths-dephasing-even-rescaled.pdf  used
 on input line 889.
(pdftex.def)             Requested size: 249.9028pt x 187.42691pt.
<../graphs-paper2/ths-dephasing-odd-rescaled.pdf, id=4793, 462.52798pt x 346.89
601pt>
File: ../graphs-paper2/ths-dephasing-odd-rescaled.pdf Graphic file (type pdf)
<use ../graphs-paper2/ths-dephasing-odd-rescaled.pdf>
Package pdftex.def Info: ../graphs-paper2/ths-dephasing-odd-rescaled.pdf  used 
on input line 890.
(pdftex.def)             Requested size: 249.9028pt x 187.42691pt.

Overfull \hbox (2.02782pt too wide) in paragraph at lines 889--891
[][] [] 
 []

[52 <../graphs-paper2/ths-dephasing-even.pdf> <../graphs-paper2/ths-dephasing-o
dd.pdf

pdfTeX warning: pdflatex (file ../graphs-paper2/ths-dephasing-odd.pdf): PDF inc
lusion: multiple pdfs with page group included in a single page
> <../graphs-paper2/ths-dephasing-even-rescaled.pdf

pdfTeX warning: pdflatex (file ../graphs-paper2/ths-dephasing-even-rescaled.pdf
): PDF inclusion: multiple pdfs with page group included in a single page
> <../graphs-paper2/ths-dephasing-odd-rescaled.pdf

pdfTeX warning: pdflatex (file ../graphs-paper2/ths-dephasing-odd-rescaled.pdf)
: PDF inclusion: multiple pdfs with page group included in a single page
>]
<../graphs-paper2/ths-dephasing-rescaled.pdf, id=4942, 462.52798pt x 346.89601p
t>
File: ../graphs-paper2/ths-dephasing-rescaled.pdf Graphic file (type pdf)
<use ../graphs-paper2/ths-dephasing-rescaled.pdf>
Package pdftex.def Info: ../graphs-paper2/ths-dephasing-rescaled.pdf  used on i
nput line 898.
(pdftex.def)             Requested size: 458.99689pt x 344.26443pt.
 [53 <../graphs-paper2/ths-dephasing-rescaled.pdf>]
<../graphs-paper2/tph-dephasing-even.pdf, id=4987, 462.52798pt x 346.89601pt>
File: ../graphs-paper2/tph-dephasing-even.pdf Graphic file (type pdf)
<use ../graphs-paper2/tph-dephasing-even.pdf>
Package pdftex.def Info: ../graphs-paper2/tph-dephasing-even.pdf  used on input
 line 905.
(pdftex.def)             Requested size: 249.9028pt x 187.42691pt.
<../graphs-paper2/tph-dephasing-odd.pdf, id=4988, 462.52798pt x 346.89601pt>
File: ../graphs-paper2/tph-dephasing-odd.pdf Graphic file (type pdf)
<use ../graphs-paper2/tph-dephasing-odd.pdf>
Package pdftex.def Info: ../graphs-paper2/tph-dephasing-odd.pdf  used on input 
line 906.
(pdftex.def)             Requested size: 249.9028pt x 187.42691pt.

Overfull \hbox (2.02782pt too wide) in paragraph at lines 905--907
[][] [] 
 []

<../graphs-paper2/tph-dephasing-even-rescaled.pdf, id=4989, 462.52798pt x 346.8
9601pt>
File: ../graphs-paper2/tph-dephasing-even-rescaled.pdf Graphic file (type pdf)
<use ../graphs-paper2/tph-dephasing-even-rescaled.pdf>
Package pdftex.def Info: ../graphs-paper2/tph-dephasing-even-rescaled.pdf  used
 on input line 910.
(pdftex.def)             Requested size: 249.9028pt x 187.42691pt.
<../graphs-paper2/tph-dephasing-odd-rescaled.pdf, id=4990, 462.52798pt x 346.89
601pt>
File: ../graphs-paper2/tph-dephasing-odd-rescaled.pdf Graphic file (type pdf)
<use ../graphs-paper2/tph-dephasing-odd-rescaled.pdf>
Package pdftex.def Info: ../graphs-paper2/tph-dephasing-odd-rescaled.pdf  used 
on input line 911.
(pdftex.def)             Requested size: 249.9028pt x 187.42691pt.

Overfull \hbox (2.02782pt too wide) in paragraph at lines 910--912
[][] [] 
 []

[54 <../graphs-paper2/tph-dephasing-even.pdf> <../graphs-paper2/tph-dephasing-o
dd.pdf

pdfTeX warning: pdflatex (file ../graphs-paper2/tph-dephasing-odd.pdf): PDF inc
lusion: multiple pdfs with page group included in a single page
> <../graphs-paper2/tph-dephasing-even-rescaled.pdf

pdfTeX warning: pdflatex (file ../graphs-paper2/tph-dephasing-even-rescaled.pdf
): PDF inclusion: multiple pdfs with page group included in a single page
> <../graphs-paper2/tph-dephasing-odd-rescaled.pdf

pdfTeX warning: pdflatex (file ../graphs-paper2/tph-dephasing-odd-rescaled.pdf)
: PDF inclusion: multiple pdfs with page group included in a single page
>]
<../graphs-paper2/tph-dephasing-rescaled.pdf, id=5134, 462.52798pt x 346.89601p
t>
File: ../graphs-paper2/tph-dephasing-rescaled.pdf Graphic file (type pdf)
<use ../graphs-paper2/tph-dephasing-rescaled.pdf>
Package pdftex.def Info: ../graphs-paper2/tph-dephasing-rescaled.pdf  used on i
nput line 919.
(pdftex.def)             Requested size: 458.99689pt x 344.26443pt.
 [55 <../graphs-paper2/tph-dephasing-rescaled.pdf>]
<../graphs-paper2/ttv-dephasing-even.pdf, id=5178, 462.52798pt x 346.89601pt>
File: ../graphs-paper2/ttv-dephasing-even.pdf Graphic file (type pdf)
<use ../graphs-paper2/ttv-dephasing-even.pdf>
Package pdftex.def Info: ../graphs-paper2/ttv-dephasing-even.pdf  used on input
 line 926.
(pdftex.def)             Requested size: 249.9028pt x 187.42691pt.
<../graphs-paper2/ttv-dephasing-odd.pdf, id=5179, 462.52798pt x 346.89601pt>
File: ../graphs-paper2/ttv-dephasing-odd.pdf Graphic file (type pdf)
<use ../graphs-paper2/ttv-dephasing-odd.pdf>
Package pdftex.def Info: ../graphs-paper2/ttv-dephasing-odd.pdf  used on input 
line 927.
(pdftex.def)             Requested size: 249.9028pt x 187.42691pt.

Overfull \hbox (2.02782pt too wide) in paragraph at lines 926--928
[][] [] 
 []

<../graphs-paper2/ttv-dephasing-even-rescaled.pdf, id=5180, 462.52798pt x 346.8
9601pt>
File: ../graphs-paper2/ttv-dephasing-even-rescaled.pdf Graphic file (type pdf)
<use ../graphs-paper2/ttv-dephasing-even-rescaled.pdf>
Package pdftex.def Info: ../graphs-paper2/ttv-dephasing-even-rescaled.pdf  used
 on input line 931.
(pdftex.def)             Requested size: 249.9028pt x 187.42691pt.
<../graphs-paper2/ttv-dephasing-odd-rescaled.pdf, id=5181, 462.52798pt x 346.89
601pt>
File: ../graphs-paper2/ttv-dephasing-odd-rescaled.pdf Graphic file (type pdf)
<use ../graphs-paper2/ttv-dephasing-odd-rescaled.pdf>
Package pdftex.def Info: ../graphs-paper2/ttv-dephasing-odd-rescaled.pdf  used 
on input line 932.
(pdftex.def)             Requested size: 249.9028pt x 187.42691pt.

Overfull \hbox (2.02782pt too wide) in paragraph at lines 931--933
[][] [] 
 []

[56 <../graphs-paper2/ttv-dephasing-even.pdf> <../graphs-paper2/ttv-dephasing-o
dd.pdf

pdfTeX warning: pdflatex (file ../graphs-paper2/ttv-dephasing-odd.pdf): PDF inc
lusion: multiple pdfs with page group included in a single page
> <../graphs-paper2/ttv-dephasing-even-rescaled.pdf

pdfTeX warning: pdflatex (file ../graphs-paper2/ttv-dephasing-even-rescaled.pdf
): PDF inclusion: multiple pdfs with page group included in a single page
> <../graphs-paper2/ttv-dephasing-odd-rescaled.pdf

pdfTeX warning: pdflatex (file ../graphs-paper2/ttv-dephasing-odd-rescaled.pdf)
: PDF inclusion: multiple pdfs with page group included in a single page
>]
<../graphs-paper2/ttv-dephasing-rescaled.pdf, id=5329, 462.52798pt x 346.89601p
t>
File: ../graphs-paper2/ttv-dephasing-rescaled.pdf Graphic file (type pdf)
<use ../graphs-paper2/ttv-dephasing-rescaled.pdf>
Package pdftex.def Info: ../graphs-paper2/ttv-dephasing-rescaled.pdf  used on i
nput line 940.
(pdftex.def)             Requested size: 458.99689pt x 344.26443pt.
 [57 <../graphs-paper2/ttv-dephasing-rescaled.pdf>]
<../graphs-paper2/unj-dephasing-even.pdf, id=5374, 462.52798pt x 346.89601pt>
File: ../graphs-paper2/unj-dephasing-even.pdf Graphic file (type pdf)
<use ../graphs-paper2/unj-dephasing-even.pdf>
Package pdftex.def Info: ../graphs-paper2/unj-dephasing-even.pdf  used on input
 line 947.
(pdftex.def)             Requested size: 249.9028pt x 187.42691pt.
<../graphs-paper2/unj-dephasing-odd.pdf, id=5375, 462.52798pt x 346.89601pt>
File: ../graphs-paper2/unj-dephasing-odd.pdf Graphic file (type pdf)
<use ../graphs-paper2/unj-dephasing-odd.pdf>
Package pdftex.def Info: ../graphs-paper2/unj-dephasing-odd.pdf  used on input 
line 948.
(pdftex.def)             Requested size: 249.9028pt x 187.42691pt.

Overfull \hbox (2.02782pt too wide) in paragraph at lines 947--949
[][] [] 
 []

<../graphs-paper2/unj-dephasing-even-rescaled.pdf, id=5376, 462.52798pt x 346.8
9601pt>
File: ../graphs-paper2/unj-dephasing-even-rescaled.pdf Graphic file (type pdf)
<use ../graphs-paper2/unj-dephasing-even-rescaled.pdf>
Package pdftex.def Info: ../graphs-paper2/unj-dephasing-even-rescaled.pdf  used
 on input line 952.
(pdftex.def)             Requested size: 249.9028pt x 187.42691pt.
<../graphs-paper2/unj-dephasing-odd-rescaled.pdf, id=5377, 462.52798pt x 346.89
601pt>
File: ../graphs-paper2/unj-dephasing-odd-rescaled.pdf Graphic file (type pdf)
<use ../graphs-paper2/unj-dephasing-odd-rescaled.pdf>
Package pdftex.def Info: ../graphs-paper2/unj-dephasing-odd-rescaled.pdf  used 
on input line 953.
(pdftex.def)             Requested size: 249.9028pt x 187.42691pt.

Overfull \hbox (2.02782pt too wide) in paragraph at lines 952--954
[][] [] 
 []

[58 <../graphs-paper2/unj-dephasing-even.pdf> <../graphs-paper2/unj-dephasing-o
dd.pdf

pdfTeX warning: pdflatex (file ../graphs-paper2/unj-dephasing-odd.pdf): PDF inc
lusion: multiple pdfs with page group included in a single page
> <../graphs-paper2/unj-dephasing-even-rescaled.pdf

pdfTeX warning: pdflatex (file ../graphs-paper2/unj-dephasing-even-rescaled.pdf
): PDF inclusion: multiple pdfs with page group included in a single page
> <../graphs-paper2/unj-dephasing-odd-rescaled.pdf

pdfTeX warning: pdflatex (file ../graphs-paper2/unj-dephasing-odd-rescaled.pdf)
: PDF inclusion: multiple pdfs with page group included in a single page
>]
<../graphs-paper2/unj-dephasing-rescaled.pdf, id=5523, 462.52798pt x 346.89601p
t>
File: ../graphs-paper2/unj-dephasing-rescaled.pdf Graphic file (type pdf)
<use ../graphs-paper2/unj-dephasing-rescaled.pdf>
Package pdftex.def Info: ../graphs-paper2/unj-dephasing-rescaled.pdf  used on i
nput line 961.
(pdftex.def)             Requested size: 458.99689pt x 344.26443pt.
 [59 <../graphs-paper2/unj-dephasing-rescaled.pdf>]
<../graphs-paper2/vck-dephasing-even.pdf, id=5566, 462.52798pt x 346.89601pt>
File: ../graphs-paper2/vck-dephasing-even.pdf Graphic file (type pdf)
<use ../graphs-paper2/vck-dephasing-even.pdf>
Package pdftex.def Info: ../graphs-paper2/vck-dephasing-even.pdf  used on input
 line 968.
(pdftex.def)             Requested size: 249.9028pt x 187.42691pt.
<../graphs-paper2/vck-dephasing-odd.pdf, id=5567, 462.52798pt x 346.89601pt>
File: ../graphs-paper2/vck-dephasing-odd.pdf Graphic file (type pdf)
<use ../graphs-paper2/vck-dephasing-odd.pdf>
Package pdftex.def Info: ../graphs-paper2/vck-dephasing-odd.pdf  used on input 
line 969.
(pdftex.def)             Requested size: 249.9028pt x 187.42691pt.

Overfull \hbox (2.02782pt too wide) in paragraph at lines 968--970
[][] [] 
 []

<../graphs-paper2/vck-dephasing-even-rescaled.pdf, id=5568, 462.52798pt x 346.8
9601pt>
File: ../graphs-paper2/vck-dephasing-even-rescaled.pdf Graphic file (type pdf)
<use ../graphs-paper2/vck-dephasing-even-rescaled.pdf>
Package pdftex.def Info: ../graphs-paper2/vck-dephasing-even-rescaled.pdf  used
 on input line 973.
(pdftex.def)             Requested size: 249.9028pt x 187.42691pt.
<../graphs-paper2/vck-dephasing-odd-rescaled.pdf, id=5569, 462.52798pt x 346.89
601pt>
File: ../graphs-paper2/vck-dephasing-odd-rescaled.pdf Graphic file (type pdf)
<use ../graphs-paper2/vck-dephasing-odd-rescaled.pdf>
Package pdftex.def Info: ../graphs-paper2/vck-dephasing-odd-rescaled.pdf  used 
on input line 974.
(pdftex.def)             Requested size: 249.9028pt x 187.42691pt.

Overfull \hbox (2.02782pt too wide) in paragraph at lines 973--975
[][] [] 
 []

[60 <../graphs-paper2/vck-dephasing-even.pdf> <../graphs-paper2/vck-dephasing-o
dd.pdf

pdfTeX warning: pdflatex (file ../graphs-paper2/vck-dephasing-odd.pdf): PDF inc
lusion: multiple pdfs with page group included in a single page
> <../graphs-paper2/vck-dephasing-even-rescaled.pdf

pdfTeX warning: pdflatex (file ../graphs-paper2/vck-dephasing-even-rescaled.pdf
): PDF inclusion: multiple pdfs with page group included in a single page
> <../graphs-paper2/vck-dephasing-odd-rescaled.pdf

pdfTeX warning: pdflatex (file ../graphs-paper2/vck-dephasing-odd-rescaled.pdf)
: PDF inclusion: multiple pdfs with page group included in a single page
>]
<../graphs-paper2/vck-dephasing-rescaled.pdf, id=5720, 462.52798pt x 346.89601p
t>
File: ../graphs-paper2/vck-dephasing-rescaled.pdf Graphic file (type pdf)
<use ../graphs-paper2/vck-dephasing-rescaled.pdf>
Package pdftex.def Info: ../graphs-paper2/vck-dephasing-rescaled.pdf  used on i
nput line 982.
(pdftex.def)             Requested size: 458.99689pt x 344.26443pt.
 [61 <../graphs-paper2/vck-dephasing-rescaled.pdf>]
<../graphs-paper2/vtx-dephasing-even.pdf, id=5765, 462.52798pt x 346.89601pt>
File: ../graphs-paper2/vtx-dephasing-even.pdf Graphic file (type pdf)
<use ../graphs-paper2/vtx-dephasing-even.pdf>
Package pdftex.def Info: ../graphs-paper2/vtx-dephasing-even.pdf  used on input
 line 989.
(pdftex.def)             Requested size: 249.9028pt x 187.42691pt.
<../graphs-paper2/vtx-dephasing-odd.pdf, id=5766, 462.52798pt x 346.89601pt>
File: ../graphs-paper2/vtx-dephasing-odd.pdf Graphic file (type pdf)
<use ../graphs-paper2/vtx-dephasing-odd.pdf>
Package pdftex.def Info: ../graphs-paper2/vtx-dephasing-odd.pdf  used on input 
line 990.
(pdftex.def)             Requested size: 249.9028pt x 187.42691pt.

Overfull \hbox (2.02782pt too wide) in paragraph at lines 989--991
[][] [] 
 []

<../graphs-paper2/vtx-dephasing-even-rescaled.pdf, id=5767, 462.52798pt x 346.8
9601pt>
File: ../graphs-paper2/vtx-dephasing-even-rescaled.pdf Graphic file (type pdf)
<use ../graphs-paper2/vtx-dephasing-even-rescaled.pdf>
Package pdftex.def Info: ../graphs-paper2/vtx-dephasing-even-rescaled.pdf  used
 on input line 994.
(pdftex.def)             Requested size: 249.9028pt x 187.42691pt.
<../graphs-paper2/vtx-dephasing-odd-rescaled.pdf, id=5768, 462.52798pt x 346.89
601pt>
File: ../graphs-paper2/vtx-dephasing-odd-rescaled.pdf Graphic file (type pdf)
<use ../graphs-paper2/vtx-dephasing-odd-rescaled.pdf>
Package pdftex.def Info: ../graphs-paper2/vtx-dephasing-odd-rescaled.pdf  used 
on input line 995.
(pdftex.def)             Requested size: 249.9028pt x 187.42691pt.

Overfull \hbox (2.02782pt too wide) in paragraph at lines 994--996
[][] [] 
 []

[62 <../graphs-paper2/vtx-dephasing-even.pdf> <../graphs-paper2/vtx-dephasing-o
dd.pdf

pdfTeX warning: pdflatex (file ../graphs-paper2/vtx-dephasing-odd.pdf): PDF inc
lusion: multiple pdfs with page group included in a single page
> <../graphs-paper2/vtx-dephasing-even-rescaled.pdf

pdfTeX warning: pdflatex (file ../graphs-paper2/vtx-dephasing-even-rescaled.pdf
): PDF inclusion: multiple pdfs with page group included in a single page
> <../graphs-paper2/vtx-dephasing-odd-rescaled.pdf

pdfTeX warning: pdflatex (file ../graphs-paper2/vtx-dephasing-odd-rescaled.pdf)
: PDF inclusion: multiple pdfs with page group included in a single page
>]
<../graphs-paper2/vtx-dephasing-rescaled.pdf, id=5914, 462.52798pt x 346.89601p
t>
File: ../graphs-paper2/vtx-dephasing-rescaled.pdf Graphic file (type pdf)
<use ../graphs-paper2/vtx-dephasing-rescaled.pdf>
Package pdftex.def Info: ../graphs-paper2/vtx-dephasing-rescaled.pdf  used on i
nput line 1003.
(pdftex.def)             Requested size: 458.99689pt x 344.26443pt.
 [63 <../graphs-paper2/vtx-dephasing-rescaled.pdf>]
<../graphs-paper2/wst-dephasing-even.pdf, id=5959, 462.52798pt x 346.89601pt>
File: ../graphs-paper2/wst-dephasing-even.pdf Graphic file (type pdf)
<use ../graphs-paper2/wst-dephasing-even.pdf>
Package pdftex.def Info: ../graphs-paper2/wst-dephasing-even.pdf  used on input
 line 1010.
(pdftex.def)             Requested size: 249.9028pt x 187.42691pt.
<../graphs-paper2/wst-dephasing-odd.pdf, id=5960, 462.52798pt x 346.89601pt>
File: ../graphs-paper2/wst-dephasing-odd.pdf Graphic file (type pdf)
<use ../graphs-paper2/wst-dephasing-odd.pdf>
Package pdftex.def Info: ../graphs-paper2/wst-dephasing-odd.pdf  used on input 
line 1011.
(pdftex.def)             Requested size: 249.9028pt x 187.42691pt.

Overfull \hbox (2.02782pt too wide) in paragraph at lines 1010--1012
[][] [] 
 []

<../graphs-paper2/wst-dephasing-even-rescaled.pdf, id=5961, 462.52798pt x 346.8
9601pt>
File: ../graphs-paper2/wst-dephasing-even-rescaled.pdf Graphic file (type pdf)
<use ../graphs-paper2/wst-dephasing-even-rescaled.pdf>
Package pdftex.def Info: ../graphs-paper2/wst-dephasing-even-rescaled.pdf  used
 on input line 1015.
(pdftex.def)             Requested size: 249.9028pt x 187.42691pt.
<../graphs-paper2/wst-dephasing-odd-rescaled.pdf, id=5962, 462.52798pt x 346.89
601pt>
File: ../graphs-paper2/wst-dephasing-odd-rescaled.pdf Graphic file (type pdf)
<use ../graphs-paper2/wst-dephasing-odd-rescaled.pdf>
Package pdftex.def Info: ../graphs-paper2/wst-dephasing-odd-rescaled.pdf  used 
on input line 1016.
(pdftex.def)             Requested size: 249.9028pt x 187.42691pt.

Overfull \hbox (2.02782pt too wide) in paragraph at lines 1015--1017
[][] [] 
 []

[64 <../graphs-paper2/wst-dephasing-even.pdf> <../graphs-paper2/wst-dephasing-o
dd.pdf

pdfTeX warning: pdflatex (file ../graphs-paper2/wst-dephasing-odd.pdf): PDF inc
lusion: multiple pdfs with page group included in a single page
> <../graphs-paper2/wst-dephasing-even-rescaled.pdf

pdfTeX warning: pdflatex (file ../graphs-paper2/wst-dephasing-even-rescaled.pdf
): PDF inclusion: multiple pdfs with page group included in a single page
> <../graphs-paper2/wst-dephasing-odd-rescaled.pdf

pdfTeX warning: pdflatex (file ../graphs-paper2/wst-dephasing-odd-rescaled.pdf)
: PDF inclusion: multiple pdfs with page group included in a single page
>]
<../graphs-paper2/wst-dephasing-rescaled.pdf, id=6113, 462.52798pt x 346.89601p
t>
File: ../graphs-paper2/wst-dephasing-rescaled.pdf Graphic file (type pdf)
<use ../graphs-paper2/wst-dephasing-rescaled.pdf>
Package pdftex.def Info: ../graphs-paper2/wst-dephasing-rescaled.pdf  used on i
nput line 1024.
(pdftex.def)             Requested size: 458.99689pt x 344.26443pt.
 [65 <../graphs-paper2/wst-dephasing-rescaled.pdf>]
<../graphs-paper2/thresholds-SPAM-seq-decoder.pdf, id=6158, 433.62pt x 650.43pt
>
File: ../graphs-paper2/thresholds-SPAM-seq-decoder.pdf Graphic file (type pdf)
<use ../graphs-paper2/thresholds-SPAM-seq-decoder.pdf>
Package pdftex.def Info: ../graphs-paper2/thresholds-SPAM-seq-decoder.pdf  used
 on input line 1031.
(pdftex.def)             Requested size: 408.00156pt x 612.02954pt.
<../graphs-paper2/thresholds-SPAM-seq-cluster.pdf, id=6159, 433.62pt x 650.43pt
>
File: ../graphs-paper2/thresholds-SPAM-seq-cluster.pdf Graphic file (type pdf)
<use ../graphs-paper2/thresholds-SPAM-seq-cluster.pdf>
Package pdftex.def Info: ../graphs-paper2/thresholds-SPAM-seq-cluster.pdf  used
 on input line 1033.
(pdftex.def)             Requested size: 408.00156pt x 612.02954pt.
 [66 <../graphs-paper2/thresholds-SPAM-seq-decoder.pdf>] [67 <../graphs-paper2/
thresholds-SPAM-seq-cluster.pdf>] [68]
<../graphs-paper2/time-SPAM-seq-0.pdf, id=6251, 462.52798pt x 346.89601pt>
File: ../graphs-paper2/time-SPAM-seq-0.pdf Graphic file (type pdf)
<use ../graphs-paper2/time-SPAM-seq-0.pdf>
Package pdftex.def Info: ../graphs-paper2/time-SPAM-seq-0.pdf  used on input li
ne 1055.
(pdftex.def)             Requested size: 408.00156pt x 306.01576pt.
 [69 <../graphs-paper2/time-SPAM-seq-0.pdf>]
<../graphs-paper2/wst-SPAM-seq-even.pdf, id=6290, 462.52798pt x 346.89601pt>
File: ../graphs-paper2/wst-SPAM-seq-even.pdf Graphic file (type pdf)
<use ../graphs-paper2/wst-SPAM-seq-even.pdf>
Package pdftex.def Info: ../graphs-paper2/wst-SPAM-seq-even.pdf  used on input 
line 1064.
(pdftex.def)             Requested size: 249.9028pt x 187.42691pt.
<../graphs-paper2/wst-SPAM-seq-odd.pdf, id=6291, 462.52798pt x 346.89601pt>
File: ../graphs-paper2/wst-SPAM-seq-odd.pdf Graphic file (type pdf)
<use ../graphs-paper2/wst-SPAM-seq-odd.pdf>
Package pdftex.def Info: ../graphs-paper2/wst-SPAM-seq-odd.pdf  used on input l
ine 1065.
(pdftex.def)             Requested size: 249.9028pt x 187.42691pt.

Overfull \hbox (2.02782pt too wide) in paragraph at lines 1064--1066
[][] [] 
 []

<../graphs-paper2/wst-SPAM-seq-even-rescaled.pdf, id=6292, 462.52798pt x 346.89
601pt>
File: ../graphs-paper2/wst-SPAM-seq-even-rescaled.pdf Graphic file (type pdf)
<use ../graphs-paper2/wst-SPAM-seq-even-rescaled.pdf>
Package pdftex.def Info: ../graphs-paper2/wst-SPAM-seq-even-rescaled.pdf  used 
on input line 1069.
(pdftex.def)             Requested size: 249.9028pt x 187.42691pt.
<../graphs-paper2/wst-SPAM-seq-odd-rescaled.pdf, id=6293, 462.52798pt x 346.896
01pt>
File: ../graphs-paper2/wst-SPAM-seq-odd-rescaled.pdf Graphic file (type pdf)
<use ../graphs-paper2/wst-SPAM-seq-odd-rescaled.pdf>
Package pdftex.def Info: ../graphs-paper2/wst-SPAM-seq-odd-rescaled.pdf  used o
n input line 1070.
(pdftex.def)             Requested size: 249.9028pt x 187.42691pt.

Overfull \hbox (2.02782pt too wide) in paragraph at lines 1069--1071
[][] [] 
 []

[70 <../graphs-paper2/wst-SPAM-seq-even.pdf> <../graphs-paper2/wst-SPAM-seq-odd
.pdf

pdfTeX warning: pdflatex (file ../graphs-paper2/wst-SPAM-seq-odd.pdf): PDF incl
usion: multiple pdfs with page group included in a single page
> <../graphs-paper2/wst-SPAM-seq-even-rescaled.pdf

pdfTeX warning: pdflatex (file ../graphs-paper2/wst-SPAM-seq-even-rescaled.pdf)
: PDF inclusion: multiple pdfs with page group included in a single page
> <../graphs-paper2/wst-SPAM-seq-odd-rescaled.pdf

pdfTeX warning: pdflatex (file ../graphs-paper2/wst-SPAM-seq-odd-rescaled.pdf):
 PDF inclusion: multiple pdfs with page group included in a single page
>]
<../graphs-paper2/wst-SPAM-seq-rescaled.pdf, id=6441, 462.52798pt x 346.89601pt
>
File: ../graphs-paper2/wst-SPAM-seq-rescaled.pdf Graphic file (type pdf)
<use ../graphs-paper2/wst-SPAM-seq-rescaled.pdf>
Package pdftex.def Info: ../graphs-paper2/wst-SPAM-seq-rescaled.pdf  used on in
put line 1078.
(pdftex.def)             Requested size: 458.99689pt x 344.26443pt.

No file report.bbl.
[71 <../graphs-paper2/wst-SPAM-seq-rescaled.pdf>] (./report.aux) ) 
Here is how much of TeX's memory you used:
 4259 strings out of 494903
 86113 string characters out of 6179961
 134740 words of memory out of 5000000
 7407 multiletter control sequences out of 15000+600000
 4555 words of font info for 17 fonts, out of 8000000 for 9000
 16 hyphenation exceptions out of 8191
 41i,6n,25p,273b,195s stack positions out of 5000i,500n,10000p,200000b,80000s
</usr/share/t
exlive/texmf-dist/fonts/type1/public/amsfonts/cm/cmbx10.pfb></usr/share/texlive
/texmf-dist/fonts/type1/public/amsfonts/cm/cmbx9.pfb></usr/share/texlive/texmf-
dist/fonts/type1/public/amsfonts/cm/cmmi10.pfb></usr/share/texlive/texmf-dist/f
onts/type1/public/amsfonts/cm/cmmi7.pfb></usr/share/texlive/texmf-dist/fonts/ty
pe1/public/amsfonts/cm/cmr10.pfb></usr/share/texlive/texmf-dist/fonts/type1/pub
lic/amsfonts/cm/cmsy10.pfb>
Output written on report.pdf (71 pages, 1905788 bytes).
PDF statistics:
 6508 PDF objects out of 7423 (max. 8388607)
 1308 compressed objects within 14 object streams
 0 named destinations out of 1000 (max. 500000)
 816 words of extra memory for PDF output out of 10000 (max. 10000000)

